

Started GET "/posts" for 10.0.2.2 at 2013-10-06 07:22:25 +0000

ActiveRecord::PendingMigrationError (Migrations are pending; run 'rake db:migrate RAILS_ENV=development' to resolve this issue.):
  activerecord (4.0.0) lib/active_record/migration.rb:379:in `check_pending!'
  activerecord (4.0.0) lib/active_record/migration.rb:366:in `call'
  actionpack (4.0.0) lib/action_dispatch/middleware/callbacks.rb:29:in `block in call'
  activesupport (4.0.0) lib/active_support/callbacks.rb:373:in `_run__307820676__call__callbacks'
  activesupport (4.0.0) lib/active_support/callbacks.rb:80:in `run_callbacks'
  actionpack (4.0.0) lib/action_dispatch/middleware/callbacks.rb:27:in `call'
  actionpack (4.0.0) lib/action_dispatch/middleware/reloader.rb:64:in `call'
  actionpack (4.0.0) lib/action_dispatch/middleware/remote_ip.rb:76:in `call'
  actionpack (4.0.0) lib/action_dispatch/middleware/debug_exceptions.rb:17:in `call'
  actionpack (4.0.0) lib/action_dispatch/middleware/show_exceptions.rb:30:in `call'
  railties (4.0.0) lib/rails/rack/logger.rb:38:in `call_app'
  railties (4.0.0) lib/rails/rack/logger.rb:21:in `block in call'
  activesupport (4.0.0) lib/active_support/tagged_logging.rb:67:in `block in tagged'
  activesupport (4.0.0) lib/active_support/tagged_logging.rb:25:in `tagged'
  activesupport (4.0.0) lib/active_support/tagged_logging.rb:67:in `tagged'
  railties (4.0.0) lib/rails/rack/logger.rb:21:in `call'
  actionpack (4.0.0) lib/action_dispatch/middleware/request_id.rb:21:in `call'
  rack (1.5.2) lib/rack/methodoverride.rb:21:in `call'
  rack (1.5.2) lib/rack/runtime.rb:17:in `call'
  activesupport (4.0.0) lib/active_support/cache/strategy/local_cache.rb:83:in `call'
  rack (1.5.2) lib/rack/lock.rb:17:in `call'
  actionpack (4.0.0) lib/action_dispatch/middleware/static.rb:64:in `call'
  railties (4.0.0) lib/rails/engine.rb:511:in `call'
  railties (4.0.0) lib/rails/application.rb:97:in `call'
  rack (1.5.2) lib/rack/lock.rb:17:in `call'
  rack (1.5.2) lib/rack/content_length.rb:14:in `call'
  rack (1.5.2) lib/rack/handler/webrick.rb:60:in `service'
  /home/vagrant/.rvm/rubies/ruby-2.0.0-p247/lib/ruby/2.0.0/webrick/httpserver.rb:138:in `service'
  /home/vagrant/.rvm/rubies/ruby-2.0.0-p247/lib/ruby/2.0.0/webrick/httpserver.rb:94:in `run'
  /home/vagrant/.rvm/rubies/ruby-2.0.0-p247/lib/ruby/2.0.0/webrick/server.rb:295:in `block in start_thread'


  Rendered /home/vagrant/.rvm/gems/ruby-2.0.0-p247/gems/actionpack-4.0.0/lib/action_dispatch/middleware/templates/rescues/_source.erb (1.4ms)
  Rendered /home/vagrant/.rvm/gems/ruby-2.0.0-p247/gems/actionpack-4.0.0/lib/action_dispatch/middleware/templates/rescues/_trace.erb (2.5ms)
  Rendered /home/vagrant/.rvm/gems/ruby-2.0.0-p247/gems/actionpack-4.0.0/lib/action_dispatch/middleware/templates/rescues/_request_and_response.erb (2.0ms)
  Rendered /home/vagrant/.rvm/gems/ruby-2.0.0-p247/gems/actionpack-4.0.0/lib/action_dispatch/middleware/templates/rescues/diagnostics.erb within rescues/layout (40.2ms)
  [1m[36m (6.3ms)[0m  [1mCREATE TABLE "schema_migrations" ("version" varchar(255) NOT NULL) [0m
  [1m[35m (7.5ms)[0m  CREATE UNIQUE INDEX "unique_schema_migrations" ON "schema_migrations" ("version")
  [1m[36mActiveRecord::SchemaMigration Load (1.9ms)[0m  [1mSELECT "schema_migrations".* FROM "schema_migrations"[0m
Migrating to CreatePosts (20131006072058)
  [1m[35m (0.2ms)[0m  begin transaction
  [1m[36m (4.1ms)[0m  [1mCREATE TABLE "posts" ("id" INTEGER PRIMARY KEY AUTOINCREMENT NOT NULL, "title" varchar(255), "category_id" integer, "content" text, "created_at" datetime, "updated_at" datetime) [0m
  [1m[35mSQL (1.5ms)[0m  INSERT INTO "schema_migrations" ("version") VALUES (?)  [["version", "20131006072058"]]
  [1m[36m (7.9ms)[0m  [1mcommit transaction[0m
  [1m[35mActiveRecord::SchemaMigration Load (1.8ms)[0m  SELECT "schema_migrations".* FROM "schema_migrations"


Started GET "/posts" for 10.0.2.2 at 2013-10-06 07:22:59 +0000
  [1m[36mActiveRecord::SchemaMigration Load (2.0ms)[0m  [1mSELECT "schema_migrations".* FROM "schema_migrations"[0m
Processing by PostsController#index as HTML
  [1m[35mPost Load (2.1ms)[0m  SELECT "posts".* FROM "posts"
  Rendered posts/index.html.erb within layouts/application (9.6ms)
Completed 200 OK in 1531ms (Views: 1459.2ms | ActiveRecord: 4.7ms)


Started GET "/assets/posts.css?body=1" for 10.0.2.2 at 2013-10-06 07:23:01 +0000


Started GET "/assets/application.css?body=1" for 10.0.2.2 at 2013-10-06 07:23:01 +0000


Started GET "/assets/turbolinks.js?body=1" for 10.0.2.2 at 2013-10-06 07:23:01 +0000


Started GET "/assets/jquery_ujs.js?body=1" for 10.0.2.2 at 2013-10-06 07:23:01 +0000


Started GET "/assets/scaffolds.css?body=1" for 10.0.2.2 at 2013-10-06 07:23:01 +0000


Started GET "/assets/jquery.js?body=1" for 10.0.2.2 at 2013-10-06 07:23:01 +0000


Started GET "/assets/posts.js?body=1" for 10.0.2.2 at 2013-10-06 07:23:02 +0000


Started GET "/assets/application.js?body=1" for 10.0.2.2 at 2013-10-06 07:23:02 +0000


Started GET "/posts/new" for 10.0.2.2 at 2013-10-06 07:23:05 +0000
Processing by PostsController#new as HTML
  Rendered posts/_form.html.erb (87.8ms)
  Rendered posts/new.html.erb within layouts/application (146.3ms)
Completed 200 OK in 288ms (Views: 286.0ms | ActiveRecord: 0.2ms)
  [1m[36mActiveRecord::SchemaMigration Load (2.1ms)[0m  [1mSELECT "schema_migrations".* FROM "schema_migrations"[0m
Migrating to CreateCategories (20131006072831)
  [1m[35m (0.4ms)[0m  begin transaction
  [1m[36m (0.2ms)[0m  [1mrollback transaction[0m
  [1m[36mActiveRecord::SchemaMigration Load (2.3ms)[0m  [1mSELECT "schema_migrations".* FROM "schema_migrations"[0m
Migrating to CreateCategories (20131006072831)
  [1m[35m (0.3ms)[0m  begin transaction
  [1m[36m (4.8ms)[0m  [1mCREATE TABLE "categories" ("id" INTEGER PRIMARY KEY AUTOINCREMENT NOT NULL, "category_id" integer, "category" varchar(255), "parent_id" integer, "created_at" datetime, "updated_at" datetime) [0m
  [1m[35mSQL (1.5ms)[0m  INSERT INTO "schema_migrations" ("version") VALUES (?)  [["version", "20131006072831"]]
  [1m[36m (3.5ms)[0m  [1mcommit transaction[0m
  [1m[35mActiveRecord::SchemaMigration Load (2.0ms)[0m  SELECT "schema_migrations".* FROM "schema_migrations"


Started GET "/categories" for 10.0.2.2 at 2013-10-06 07:30:52 +0000
  [1m[36mActiveRecord::SchemaMigration Load (2.2ms)[0m  [1mSELECT "schema_migrations".* FROM "schema_migrations"[0m
Processing by CategoriesController#index as HTML
  [1m[35mCategory Load (2.5ms)[0m  SELECT "categories".* FROM "categories"
  Rendered categories/index.html.erb within layouts/application (38.0ms)
Completed 200 OK in 841ms (Views: 804.0ms | ActiveRecord: 5.2ms)


Started GET "/assets/jquery.js?body=1" for 10.0.2.2 at 2013-10-06 07:30:53 +0000


Started GET "/assets/application.css?body=1" for 10.0.2.2 at 2013-10-06 07:30:53 +0000


Started GET "/assets/jquery_ujs.js?body=1" for 10.0.2.2 at 2013-10-06 07:30:53 +0000


Started GET "/assets/scaffolds.css?body=1" for 10.0.2.2 at 2013-10-06 07:30:53 +0000


Started GET "/assets/posts.css?body=1" for 10.0.2.2 at 2013-10-06 07:30:53 +0000


Started GET "/assets/categories.css?body=1" for 10.0.2.2 at 2013-10-06 07:30:54 +0000


Started GET "/assets/turbolinks.js?body=1" for 10.0.2.2 at 2013-10-06 07:30:54 +0000


Started GET "/assets/categories.js?body=1" for 10.0.2.2 at 2013-10-06 07:30:54 +0000


Started GET "/assets/posts.js?body=1" for 10.0.2.2 at 2013-10-06 07:30:54 +0000


Started GET "/assets/application.js?body=1" for 10.0.2.2 at 2013-10-06 07:30:54 +0000


Started GET "/categories/new" for 10.0.2.2 at 2013-10-06 07:30:56 +0000
Processing by CategoriesController#new as HTML
  Rendered categories/_form.html.erb (55.0ms)
  Rendered categories/new.html.erb within layouts/application (104.6ms)
Completed 200 OK in 294ms (Views: 292.0ms | ActiveRecord: 0.2ms)


Started POST "/categories" for 10.0.2.2 at 2013-10-06 07:31:05 +0000
Processing by CategoriesController#create as HTML
  Parameters: {"utf8"=>"✓", "authenticity_token"=>"g2ZsKzvOQ2rUpDKgspsSDaJ0wQHr4/vSjx76cCMMS+k=", "category"=>{"id"=>"1", "category"=>"News", "parent_id"=>"0"}, "commit"=>"Create Category"}
  [1m[36m (0.3ms)[0m  [1mbegin transaction[0m
  [1m[35mSQL (106.3ms)[0m  INSERT INTO "categories" ("category", "created_at", "id", "parent_id", "updated_at") VALUES (?, ?, ?, ?, ?)  [["category", "News"], ["created_at", Sun, 06 Oct 2013 07:31:05 UTC +00:00], ["id", 1], ["parent_id", 0], ["updated_at", Sun, 06 Oct 2013 07:31:05 UTC +00:00]]
  [1m[36m (3.5ms)[0m  [1mcommit transaction[0m
Redirected to http://localhost:3000/categories/1
Completed 302 Found in 123ms (ActiveRecord: 110.0ms)


Started GET "/categories/1" for 10.0.2.2 at 2013-10-06 07:31:05 +0000
Processing by CategoriesController#show as HTML
  Parameters: {"id"=>"1"}
  [1m[35mCategory Load (2.3ms)[0m  SELECT "categories".* FROM "categories" WHERE "categories"."id" = ? LIMIT 1  [["id", "1"]]
  Rendered categories/show.html.erb within layouts/application (2.8ms)
Completed 200 OK in 170ms (Views: 161.6ms | ActiveRecord: 2.3ms)


Started GET "/assets/posts.css?body=1" for 10.0.2.2 at 2013-10-06 07:31:05 +0000


Started GET "/assets/jquery.js?body=1" for 10.0.2.2 at 2013-10-06 07:31:05 +0000


Started GET "/assets/scaffolds.css?body=1" for 10.0.2.2 at 2013-10-06 07:31:06 +0000


Started GET "/assets/jquery_ujs.js?body=1" for 10.0.2.2 at 2013-10-06 07:31:06 +0000


Started GET "/assets/categories.css?body=1" for 10.0.2.2 at 2013-10-06 07:31:06 +0000


Started GET "/assets/application.css?body=1" for 10.0.2.2 at 2013-10-06 07:31:06 +0000


Started GET "/assets/turbolinks.js?body=1" for 10.0.2.2 at 2013-10-06 07:31:06 +0000


Started GET "/assets/categories.js?body=1" for 10.0.2.2 at 2013-10-06 07:31:06 +0000


Started GET "/assets/posts.js?body=1" for 10.0.2.2 at 2013-10-06 07:31:06 +0000


Started GET "/assets/application.js?body=1" for 10.0.2.2 at 2013-10-06 07:31:06 +0000


Started GET "/categories" for 10.0.2.2 at 2013-10-06 07:31:09 +0000
Processing by CategoriesController#index as HTML
  [1m[36mCategory Load (2.1ms)[0m  [1mSELECT "categories".* FROM "categories"[0m
  Rendered categories/index.html.erb within layouts/application (7.1ms)
Completed 200 OK in 158ms (Views: 154.8ms | ActiveRecord: 2.1ms)


Started GET "/categories/new" for 10.0.2.2 at 2013-10-06 07:31:40 +0000
Processing by CategoriesController#new as HTML
  Rendered categories/_form.html.erb (5.2ms)
  Rendered categories/new.html.erb within layouts/application (47.3ms)
Completed 200 OK in 206ms (Views: 204.7ms | ActiveRecord: 0.0ms)


Started POST "/categories" for 10.0.2.2 at 2013-10-06 07:31:49 +0000
Processing by CategoriesController#create as HTML
  Parameters: {"utf8"=>"✓", "authenticity_token"=>"g2ZsKzvOQ2rUpDKgspsSDaJ0wQHr4/vSjx76cCMMS+k=", "category"=>{"id"=>"", "category"=>"Bisnis", "parent_id"=>"0"}, "commit"=>"Create Category"}
  [1m[35m (0.1ms)[0m  begin transaction
  [1m[36mSQL (4.6ms)[0m  [1mINSERT INTO "categories" ("category", "created_at", "parent_id", "updated_at") VALUES (?, ?, ?, ?)[0m  [["category", "Bisnis"], ["created_at", Sun, 06 Oct 2013 07:31:49 UTC +00:00], ["parent_id", 0], ["updated_at", Sun, 06 Oct 2013 07:31:49 UTC +00:00]]
  [1m[35m (3.6ms)[0m  commit transaction
Redirected to http://localhost:3000/categories/2
Completed 302 Found in 16ms (ActiveRecord: 8.3ms)


Started GET "/categories/2" for 10.0.2.2 at 2013-10-06 07:31:49 +0000
Processing by CategoriesController#show as HTML
  Parameters: {"id"=>"2"}
  [1m[36mCategory Load (1.8ms)[0m  [1mSELECT "categories".* FROM "categories" WHERE "categories"."id" = ? LIMIT 1[0m  [["id", "2"]]
  Rendered categories/show.html.erb within layouts/application (1.0ms)
Completed 200 OK in 154ms (Views: 149.8ms | ActiveRecord: 1.8ms)


Started GET "/assets/jquery_ujs.js?body=1" for 10.0.2.2 at 2013-10-06 07:31:49 +0000


Started GET "/assets/jquery.js?body=1" for 10.0.2.2 at 2013-10-06 07:31:49 +0000


Started GET "/assets/scaffolds.css?body=1" for 10.0.2.2 at 2013-10-06 07:31:49 +0000


Started GET "/assets/categories.css?body=1" for 10.0.2.2 at 2013-10-06 07:31:50 +0000


Started GET "/assets/posts.css?body=1" for 10.0.2.2 at 2013-10-06 07:31:50 +0000


Started GET "/assets/application.css?body=1" for 10.0.2.2 at 2013-10-06 07:31:50 +0000


Started GET "/assets/turbolinks.js?body=1" for 10.0.2.2 at 2013-10-06 07:31:50 +0000


Started GET "/assets/categories.js?body=1" for 10.0.2.2 at 2013-10-06 07:31:50 +0000


Started GET "/assets/posts.js?body=1" for 10.0.2.2 at 2013-10-06 07:31:50 +0000


Started GET "/assets/application.js?body=1" for 10.0.2.2 at 2013-10-06 07:31:50 +0000


Started GET "/categories/2/edit" for 10.0.2.2 at 2013-10-06 07:31:53 +0000
Processing by CategoriesController#edit as HTML
  Parameters: {"id"=>"2"}
  [1m[35mCategory Load (2.0ms)[0m  SELECT "categories".* FROM "categories" WHERE "categories"."id" = ? LIMIT 1  [["id", "2"]]
  Rendered categories/_form.html.erb (5.6ms)
  Rendered categories/edit.html.erb within layouts/application (48.2ms)
Completed 200 OK in 214ms (Views: 209.1ms | ActiveRecord: 2.0ms)


Started GET "/categories" for 10.0.2.2 at 2013-10-06 07:31:56 +0000
Processing by CategoriesController#index as HTML
  [1m[36mCategory Load (2.2ms)[0m  [1mSELECT "categories".* FROM "categories"[0m
  Rendered categories/index.html.erb within layouts/application (7.5ms)
Completed 200 OK in 173ms (Views: 169.3ms | ActiveRecord: 2.2ms)


Started GET "/categories/new" for 10.0.2.2 at 2013-10-06 07:31:59 +0000
Processing by CategoriesController#new as HTML
  Rendered categories/_form.html.erb (7.7ms)
  Rendered categories/new.html.erb within layouts/application (52.4ms)
Completed 200 OK in 211ms (Views: 208.7ms | ActiveRecord: 0.0ms)


Started POST "/categories" for 10.0.2.2 at 2013-10-06 07:32:12 +0000
Processing by CategoriesController#create as HTML
  Parameters: {"utf8"=>"✓", "authenticity_token"=>"g2ZsKzvOQ2rUpDKgspsSDaJ0wQHr4/vSjx76cCMMS+k=", "category"=>{"id"=>"", "category"=>"Showbiz", "parent_id"=>"0"}, "commit"=>"Create Category"}
  [1m[35m (0.2ms)[0m  begin transaction
  [1m[36mSQL (5.0ms)[0m  [1mINSERT INTO "categories" ("category", "created_at", "parent_id", "updated_at") VALUES (?, ?, ?, ?)[0m  [["category", "Showbiz"], ["created_at", Sun, 06 Oct 2013 07:32:13 UTC +00:00], ["parent_id", 0], ["updated_at", Sun, 06 Oct 2013 07:32:13 UTC +00:00]]
  [1m[35m (3.8ms)[0m  commit transaction
Redirected to http://localhost:3000/categories/3
Completed 302 Found in 20ms (ActiveRecord: 9.0ms)


Started GET "/categories/3" for 10.0.2.2 at 2013-10-06 07:32:13 +0000
Processing by CategoriesController#show as HTML
  Parameters: {"id"=>"3"}
  [1m[36mCategory Load (2.1ms)[0m  [1mSELECT "categories".* FROM "categories" WHERE "categories"."id" = ? LIMIT 1[0m  [["id", "3"]]
  Rendered categories/show.html.erb within layouts/application (1.2ms)
Completed 200 OK in 156ms (Views: 149.9ms | ActiveRecord: 2.1ms)


Started GET "/assets/categories.css?body=1" for 10.0.2.2 at 2013-10-06 07:32:13 +0000


Started GET "/assets/application.css?body=1" for 10.0.2.2 at 2013-10-06 07:32:13 +0000


Started GET "/assets/scaffolds.css?body=1" for 10.0.2.2 at 2013-10-06 07:32:13 +0000


Started GET "/assets/jquery.js?body=1" for 10.0.2.2 at 2013-10-06 07:32:13 +0000


Started GET "/assets/posts.css?body=1" for 10.0.2.2 at 2013-10-06 07:32:13 +0000


Started GET "/assets/jquery_ujs.js?body=1" for 10.0.2.2 at 2013-10-06 07:32:13 +0000


Started GET "/assets/turbolinks.js?body=1" for 10.0.2.2 at 2013-10-06 07:32:13 +0000


Started GET "/assets/categories.js?body=1" for 10.0.2.2 at 2013-10-06 07:32:13 +0000


Started GET "/assets/posts.js?body=1" for 10.0.2.2 at 2013-10-06 07:32:13 +0000


Started GET "/assets/application.js?body=1" for 10.0.2.2 at 2013-10-06 07:32:14 +0000


Started GET "/categories" for 10.0.2.2 at 2013-10-06 07:32:15 +0000
Processing by CategoriesController#index as HTML
  [1m[35mCategory Load (1.9ms)[0m  SELECT "categories".* FROM "categories"
  Rendered categories/index.html.erb within layouts/application (6.9ms)
Completed 200 OK in 176ms (Views: 173.2ms | ActiveRecord: 1.9ms)


Started GET "/posts" for 10.0.2.2 at 2013-10-06 07:36:24 +0000
Processing by PostsController#index as HTML
  [1m[36mPost Load (2.0ms)[0m  [1mSELECT "posts".* FROM "posts"[0m
  Rendered posts/index.html.erb within layouts/application (6.6ms)
Completed 200 OK in 175ms (Views: 147.9ms | ActiveRecord: 4.1ms)


Started GET "/assets/application.css?body=1" for 10.0.2.2 at 2013-10-06 07:36:24 +0000


Started GET "/assets/jquery_ujs.js?body=1" for 10.0.2.2 at 2013-10-06 07:36:25 +0000


Started GET "/assets/jquery.js?body=1" for 10.0.2.2 at 2013-10-06 07:36:25 +0000


Started GET "/assets/scaffolds.css?body=1" for 10.0.2.2 at 2013-10-06 07:36:25 +0000


Started GET "/assets/categories.css?body=1" for 10.0.2.2 at 2013-10-06 07:36:25 +0000


Started GET "/assets/posts.css?body=1" for 10.0.2.2 at 2013-10-06 07:36:25 +0000


Started GET "/assets/turbolinks.js?body=1" for 10.0.2.2 at 2013-10-06 07:36:25 +0000


Started GET "/assets/categories.js?body=1" for 10.0.2.2 at 2013-10-06 07:36:25 +0000


Started GET "/assets/posts.js?body=1" for 10.0.2.2 at 2013-10-06 07:36:25 +0000


Started GET "/assets/application.js?body=1" for 10.0.2.2 at 2013-10-06 07:36:25 +0000


Started GET "/posts/new" for 10.0.2.2 at 2013-10-06 07:36:27 +0000
Processing by PostsController#new as HTML
  [1m[35mCategory Load (2.1ms)[0m  SELECT "categories".* FROM "categories"
  Rendered posts/_form.html.erb (47.3ms)
  Rendered posts/new.html.erb within layouts/application (86.5ms)
Completed 200 OK in 267ms (Views: 263.5ms | ActiveRecord: 2.2ms)


Started GET "/posts/new" for 10.0.2.2 at 2013-10-06 07:36:35 +0000
Processing by PostsController#new as HTML
  [1m[36mCategory Load (3.9ms)[0m  [1mSELECT "categories".* FROM "categories"[0m
  Rendered posts/_form.html.erb (21.8ms)
  Rendered posts/new.html.erb within layouts/application (52.7ms)
Completed 200 OK in 201ms (Views: 195.2ms | ActiveRecord: 3.9ms)


Started GET "/assets/posts.css?body=1" for 10.0.2.2 at 2013-10-06 07:36:36 +0000


Started GET "/assets/scaffolds.css?body=1" for 10.0.2.2 at 2013-10-06 07:36:36 +0000


Started GET "/assets/categories.css?body=1" for 10.0.2.2 at 2013-10-06 07:36:36 +0000


Started GET "/assets/jquery_ujs.js?body=1" for 10.0.2.2 at 2013-10-06 07:36:36 +0000


Started GET "/assets/application.css?body=1" for 10.0.2.2 at 2013-10-06 07:36:36 +0000


Started GET "/assets/jquery.js?body=1" for 10.0.2.2 at 2013-10-06 07:36:36 +0000


Started GET "/assets/turbolinks.js?body=1" for 10.0.2.2 at 2013-10-06 07:36:36 +0000


Started GET "/assets/categories.js?body=1" for 10.0.2.2 at 2013-10-06 07:36:36 +0000


Started GET "/assets/posts.js?body=1" for 10.0.2.2 at 2013-10-06 07:36:36 +0000


Started GET "/assets/application.js?body=1" for 10.0.2.2 at 2013-10-06 07:36:36 +0000


Started GET "/posts/new" for 10.0.2.2 at 2013-10-06 07:37:13 +0000
Processing by PostsController#new as HTML
  [1m[35mCategory Load (2.2ms)[0m  SELECT "categories".* FROM "categories"
  Rendered posts/_form.html.erb (12.8ms)
  Rendered posts/new.html.erb within layouts/application (43.0ms)
Completed 200 OK in 190ms (Views: 186.9ms | ActiveRecord: 2.2ms)


Started GET "/assets/application.css?body=1" for 10.0.2.2 at 2013-10-06 07:37:14 +0000


Started GET "/assets/jquery_ujs.js?body=1" for 10.0.2.2 at 2013-10-06 07:37:14 +0000


Started GET "/assets/jquery.js?body=1" for 10.0.2.2 at 2013-10-06 07:37:14 +0000


Started GET "/assets/scaffolds.css?body=1" for 10.0.2.2 at 2013-10-06 07:37:14 +0000


Started GET "/assets/posts.css?body=1" for 10.0.2.2 at 2013-10-06 07:37:14 +0000


Started GET "/assets/categories.css?body=1" for 10.0.2.2 at 2013-10-06 07:37:14 +0000


Started GET "/assets/turbolinks.js?body=1" for 10.0.2.2 at 2013-10-06 07:37:14 +0000


Started GET "/assets/categories.js?body=1" for 10.0.2.2 at 2013-10-06 07:37:14 +0000


Started GET "/assets/posts.js?body=1" for 10.0.2.2 at 2013-10-06 07:37:14 +0000


Started GET "/assets/application.js?body=1" for 10.0.2.2 at 2013-10-06 07:37:14 +0000


Started POST "/posts" for 10.0.2.2 at 2013-10-06 07:38:00 +0000
Processing by PostsController#create as HTML
  Parameters: {"utf8"=>"✓", "authenticity_token"=>"g2ZsKzvOQ2rUpDKgspsSDaJ0wQHr4/vSjx76cCMMS+k=", "post"=>{"title"=>"first article", "category_id"=>"1", "content"=>"ini adalah artikel news"}, "commit"=>"Create Post"}
  [1m[36m (0.2ms)[0m  [1mbegin transaction[0m
  [1m[35mSQL (4.8ms)[0m  INSERT INTO "posts" ("category_id", "content", "created_at", "title", "updated_at") VALUES (?, ?, ?, ?, ?)  [["category_id", 1], ["content", "ini adalah artikel news"], ["created_at", Sun, 06 Oct 2013 07:38:00 UTC +00:00], ["title", "first article"], ["updated_at", Sun, 06 Oct 2013 07:38:00 UTC +00:00]]
  [1m[36m (3.6ms)[0m  [1mcommit transaction[0m
Redirected to http://localhost:3000/posts/1
Completed 302 Found in 23ms (ActiveRecord: 8.6ms)


Started GET "/posts/1" for 10.0.2.2 at 2013-10-06 07:38:00 +0000
Processing by PostsController#show as HTML
  Parameters: {"id"=>"1"}
  [1m[35mPost Load (2.2ms)[0m  SELECT "posts".* FROM "posts" WHERE "posts"."id" = ? LIMIT 1  [["id", "1"]]
  Rendered posts/show.html.erb within layouts/application (2.7ms)
Completed 200 OK in 157ms (Views: 149.6ms | ActiveRecord: 2.2ms)


Started GET "/assets/application.css?body=1" for 10.0.2.2 at 2013-10-06 07:38:00 +0000


Started GET "/assets/categories.css?body=1" for 10.0.2.2 at 2013-10-06 07:38:00 +0000


Started GET "/assets/jquery_ujs.js?body=1" for 10.0.2.2 at 2013-10-06 07:38:00 +0000


Started GET "/assets/jquery.js?body=1" for 10.0.2.2 at 2013-10-06 07:38:01 +0000


Started GET "/assets/scaffolds.css?body=1" for 10.0.2.2 at 2013-10-06 07:38:01 +0000


Started GET "/assets/posts.css?body=1" for 10.0.2.2 at 2013-10-06 07:38:01 +0000


Started GET "/assets/turbolinks.js?body=1" for 10.0.2.2 at 2013-10-06 07:38:01 +0000


Started GET "/assets/categories.js?body=1" for 10.0.2.2 at 2013-10-06 07:38:01 +0000


Started GET "/assets/posts.js?body=1" for 10.0.2.2 at 2013-10-06 07:38:01 +0000


Started GET "/assets/application.js?body=1" for 10.0.2.2 at 2013-10-06 07:38:01 +0000


Started GET "/posts" for 10.0.2.2 at 2013-10-06 07:38:03 +0000
Processing by PostsController#index as HTML
  [1m[36mPost Load (2.2ms)[0m  [1mSELECT "posts".* FROM "posts"[0m
  Rendered posts/index.html.erb within layouts/application (8.6ms)
Completed 200 OK in 166ms (Views: 162.3ms | ActiveRecord: 2.2ms)


Started GET "/posts" for 10.0.2.2 at 2013-10-06 07:40:21 +0000
Processing by PostsController#index as HTML
  [1m[35mPost Load (2.3ms)[0m  SELECT "posts".* FROM "posts"
  Rendered posts/index.html.erb within layouts/application (60.5ms)
Completed 500 Internal Server Error in 143ms

ActionView::Template::Error (undefined method `category' for #<Post:0xb64ebf54>):
    17:       <tr>
    18:         <td><%= post.title %></td>
    19:         <td><%= post.category_id %></td>
    20:         <td><%= post.category[:category_id] %></td>
    21:         <td><%= post.content %></td>
    22:         <td><%= link_to 'Show', post %></td>
    23:         <td><%= link_to 'Edit', edit_post_path(post) %></td>
  app/views/posts/index.html.erb:20:in `block in _app_views_posts_index_html_erb__769431527_78329540'
  app/views/posts/index.html.erb:16:in `_app_views_posts_index_html_erb__769431527_78329540'


  Rendered /home/vagrant/.rvm/gems/ruby-2.0.0-p247/gems/actionpack-4.0.0/lib/action_dispatch/middleware/templates/rescues/_trace.erb (3.4ms)
  Rendered /home/vagrant/.rvm/gems/ruby-2.0.0-p247/gems/actionpack-4.0.0/lib/action_dispatch/middleware/templates/rescues/_request_and_response.erb (3.0ms)
  Rendered /home/vagrant/.rvm/gems/ruby-2.0.0-p247/gems/actionpack-4.0.0/lib/action_dispatch/middleware/templates/rescues/template_error.erb within rescues/layout (29.0ms)


Started GET "/posts" for 10.0.2.2 at 2013-10-06 07:40:45 +0000
Processing by PostsController#index as HTML
  [1m[36mPost Load (2.0ms)[0m  [1mSELECT "posts".* FROM "posts"[0m
  Rendered posts/index.html.erb within layouts/application (35.3ms)
Completed 500 Internal Server Error in 127ms

ActionView::Template::Error (undefined method `category' for #<Post:0xa7c03f8>):
    17:       <tr>
    18:         <td><%= post.title %></td>
    19:         <td><%= post.category_id %></td>
    20:         <td><%= post.category[:category] %></td>
    21:         <td><%= post.content %></td>
    22:         <td><%= link_to 'Show', post %></td>
    23:         <td><%= link_to 'Edit', edit_post_path(post) %></td>
  app/views/posts/index.html.erb:20:in `block in _app_views_posts_index_html_erb__769431527_88040640'
  app/views/posts/index.html.erb:16:in `_app_views_posts_index_html_erb__769431527_88040640'


  Rendered /home/vagrant/.rvm/gems/ruby-2.0.0-p247/gems/actionpack-4.0.0/lib/action_dispatch/middleware/templates/rescues/_trace.erb (3.0ms)
  Rendered /home/vagrant/.rvm/gems/ruby-2.0.0-p247/gems/actionpack-4.0.0/lib/action_dispatch/middleware/templates/rescues/_request_and_response.erb (2.6ms)
  Rendered /home/vagrant/.rvm/gems/ruby-2.0.0-p247/gems/actionpack-4.0.0/lib/action_dispatch/middleware/templates/rescues/template_error.erb within rescues/layout (27.2ms)


Started GET "/posts" for 10.0.2.2 at 2013-10-06 07:41:46 +0000
Processing by PostsController#index as HTML
  [1m[35mPost Load (2.4ms)[0m  SELECT "posts".* FROM "posts"
  Rendered posts/index.html.erb within layouts/application (51.6ms)
Completed 500 Internal Server Error in 153ms

ActionView::Template::Error (undefined method `category' for #<Post:0x9dd5d84>):
    17:       <tr>
    18:         <td><%= post.title %></td>
    19:         <td><%= post.category_id %></td>
    20:         <td><%= post.category[:name] %></td>
    21:         <td><%= post.content %></td>
    22:         <td><%= link_to 'Show', post %></td>
    23:         <td><%= link_to 'Edit', edit_post_path(post) %></td>
  app/views/posts/index.html.erb:20:in `block in _app_views_posts_index_html_erb__769431527_82809560'
  app/views/posts/index.html.erb:16:in `_app_views_posts_index_html_erb__769431527_82809560'


  Rendered /home/vagrant/.rvm/gems/ruby-2.0.0-p247/gems/actionpack-4.0.0/lib/action_dispatch/middleware/templates/rescues/_trace.erb (2.6ms)
  Rendered /home/vagrant/.rvm/gems/ruby-2.0.0-p247/gems/actionpack-4.0.0/lib/action_dispatch/middleware/templates/rescues/_request_and_response.erb (2.6ms)
  Rendered /home/vagrant/.rvm/gems/ruby-2.0.0-p247/gems/actionpack-4.0.0/lib/action_dispatch/middleware/templates/rescues/template_error.erb within rescues/layout (24.7ms)


Started GET "/posts" for 10.0.2.2 at 2013-10-06 07:42:03 +0000
Processing by PostsController#index as HTML
  [1m[36mPost Load (2.3ms)[0m  [1mSELECT "posts".* FROM "posts"[0m
  Rendered posts/index.html.erb within layouts/application (42.2ms)
Completed 500 Internal Server Error in 133ms

ActionView::Template::Error (undefined method `categories' for #<Post:0xb6911d2c>):
    17:       <tr>
    18:         <td><%= post.title %></td>
    19:         <td><%= post.category_id %></td>
    20:         <td><%= post.categories[:name] %></td>
    21:         <td><%= post.content %></td>
    22:         <td><%= link_to 'Show', post %></td>
    23:         <td><%= link_to 'Edit', edit_post_path(post) %></td>
  app/views/posts/index.html.erb:20:in `block in _app_views_posts_index_html_erb__769431527__615919968'
  app/views/posts/index.html.erb:16:in `_app_views_posts_index_html_erb__769431527__615919968'


  Rendered /home/vagrant/.rvm/gems/ruby-2.0.0-p247/gems/actionpack-4.0.0/lib/action_dispatch/middleware/templates/rescues/_trace.erb (2.7ms)
  Rendered /home/vagrant/.rvm/gems/ruby-2.0.0-p247/gems/actionpack-4.0.0/lib/action_dispatch/middleware/templates/rescues/_request_and_response.erb (1.7ms)
  Rendered /home/vagrant/.rvm/gems/ruby-2.0.0-p247/gems/actionpack-4.0.0/lib/action_dispatch/middleware/templates/rescues/template_error.erb within rescues/layout (20.5ms)


Started GET "/posts" for 10.0.2.2 at 2013-10-06 07:42:50 +0000
Processing by PostsController#index as HTML
  [1m[35mPost Load (2.0ms)[0m  SELECT "posts".* FROM "posts"
  Rendered posts/index.html.erb within layouts/application (34.6ms)
Completed 500 Internal Server Error in 127ms

ActionView::Template::Error (undefined method `category' for #<Post:0xa113b04>):
    17:       <tr>
    18:         <td><%= post.title %></td>
    19:         <td><%= post.category_id %></td>
    20:         <td><%= post.category[:category] %></td>
    21:         <td><%= post.content %></td>
    22:         <td><%= link_to 'Show', post %></td>
    23:         <td><%= link_to 'Edit', edit_post_path(post) %></td>
  app/views/posts/index.html.erb:20:in `block in _app_views_posts_index_html_erb__769431527_84969240'
  app/views/posts/index.html.erb:16:in `_app_views_posts_index_html_erb__769431527_84969240'


  Rendered /home/vagrant/.rvm/gems/ruby-2.0.0-p247/gems/actionpack-4.0.0/lib/action_dispatch/middleware/templates/rescues/_trace.erb (3.4ms)
  Rendered /home/vagrant/.rvm/gems/ruby-2.0.0-p247/gems/actionpack-4.0.0/lib/action_dispatch/middleware/templates/rescues/_request_and_response.erb (2.7ms)
  Rendered /home/vagrant/.rvm/gems/ruby-2.0.0-p247/gems/actionpack-4.0.0/lib/action_dispatch/middleware/templates/rescues/template_error.erb within rescues/layout (52.9ms)


Started GET "/posts" for 10.0.2.2 at 2013-10-06 07:46:29 +0000
Processing by PostsController#index as HTML
Completed 500 Internal Server Error in 24ms

RuntimeError (`attr_accessible` is extracted out of Rails into a gem. Please use new recommended protection model for params(strong_parameters) or add `protected_attributes` to your Gemfile to use old one.):
  app/models/post.rb:2:in `<class:Post>'
  app/models/post.rb:1:in `<top (required)>'
  app/controllers/posts_controller.rb:7:in `index'


  Rendered /home/vagrant/.rvm/gems/ruby-2.0.0-p247/gems/actionpack-4.0.0/lib/action_dispatch/middleware/templates/rescues/_source.erb (1.7ms)
  Rendered /home/vagrant/.rvm/gems/ruby-2.0.0-p247/gems/actionpack-4.0.0/lib/action_dispatch/middleware/templates/rescues/_trace.erb (3.0ms)
  Rendered /home/vagrant/.rvm/gems/ruby-2.0.0-p247/gems/actionpack-4.0.0/lib/action_dispatch/middleware/templates/rescues/_request_and_response.erb (2.4ms)
  Rendered /home/vagrant/.rvm/gems/ruby-2.0.0-p247/gems/actionpack-4.0.0/lib/action_dispatch/middleware/templates/rescues/diagnostics.erb within rescues/layout (35.3ms)


Started GET "/posts" for 10.0.2.2 at 2013-10-06 07:51:51 +0000
Processing by PostsController#index as HTML
  [1m[36mPost Load (2.0ms)[0m  [1mSELECT "posts".* FROM "posts"[0m
Completed 500 Internal Server Error in 96ms

NoMethodError (undefined method `Category' for #<ActiveRecord::Relation::ActiveRecord_Relation_Post:0xb63541f0>):
  app/controllers/posts_controller.rb:8:in `index'


  Rendered /home/vagrant/.rvm/gems/ruby-2.0.0-p247/gems/actionpack-4.0.0/lib/action_dispatch/middleware/templates/rescues/_source.erb (1.1ms)
  Rendered /home/vagrant/.rvm/gems/ruby-2.0.0-p247/gems/actionpack-4.0.0/lib/action_dispatch/middleware/templates/rescues/_trace.erb (2.2ms)
  Rendered /home/vagrant/.rvm/gems/ruby-2.0.0-p247/gems/actionpack-4.0.0/lib/action_dispatch/middleware/templates/rescues/_request_and_response.erb (2.2ms)
  Rendered /home/vagrant/.rvm/gems/ruby-2.0.0-p247/gems/actionpack-4.0.0/lib/action_dispatch/middleware/templates/rescues/diagnostics.erb within rescues/layout (28.8ms)


Started GET "/posts" for 10.0.2.2 at 2013-10-06 07:52:22 +0000
Processing by PostsController#index as HTML
  [1m[35mPost Load (2.2ms)[0m  SELECT "posts".* FROM "posts"
Completed 500 Internal Server Error in 87ms

NoMethodError (undefined method `category' for #<ActiveRecord::Relation::ActiveRecord_Relation_Post:0xb64d194c>):
  app/controllers/posts_controller.rb:8:in `index'


  Rendered /home/vagrant/.rvm/gems/ruby-2.0.0-p247/gems/actionpack-4.0.0/lib/action_dispatch/middleware/templates/rescues/_source.erb (2.8ms)
  Rendered /home/vagrant/.rvm/gems/ruby-2.0.0-p247/gems/actionpack-4.0.0/lib/action_dispatch/middleware/templates/rescues/_trace.erb (3.6ms)
  Rendered /home/vagrant/.rvm/gems/ruby-2.0.0-p247/gems/actionpack-4.0.0/lib/action_dispatch/middleware/templates/rescues/_request_and_response.erb (2.9ms)
  Rendered /home/vagrant/.rvm/gems/ruby-2.0.0-p247/gems/actionpack-4.0.0/lib/action_dispatch/middleware/templates/rescues/diagnostics.erb within rescues/layout (43.1ms)


Started GET "/posts" for 10.0.2.2 at 2013-10-06 07:53:48 +0000
Processing by PostsController#index as HTML
  [1m[36mPost Load (2.2ms)[0m  [1mSELECT "posts".* FROM "posts"[0m
Completed 500 Internal Server Error in 96ms

NoMethodError (undefined method `Category' for #<ActiveRecord::Relation::ActiveRecord_Relation_Post:0x9d37788>):
  app/controllers/posts_controller.rb:8:in `index'


  Rendered /home/vagrant/.rvm/gems/ruby-2.0.0-p247/gems/actionpack-4.0.0/lib/action_dispatch/middleware/templates/rescues/_source.erb (1.9ms)
  Rendered /home/vagrant/.rvm/gems/ruby-2.0.0-p247/gems/actionpack-4.0.0/lib/action_dispatch/middleware/templates/rescues/_trace.erb (2.4ms)
  Rendered /home/vagrant/.rvm/gems/ruby-2.0.0-p247/gems/actionpack-4.0.0/lib/action_dispatch/middleware/templates/rescues/_request_and_response.erb (1.9ms)
  Rendered /home/vagrant/.rvm/gems/ruby-2.0.0-p247/gems/actionpack-4.0.0/lib/action_dispatch/middleware/templates/rescues/diagnostics.erb within rescues/layout (32.3ms)


Started GET "/posts" for 10.0.2.2 at 2013-10-06 07:55:58 +0000
Processing by PostsController#index as HTML
  [1m[35mPost Load (2.0ms)[0m  SELECT "posts".* FROM "posts"
Completed 500 Internal Server Error in 103ms

NoMethodError (undefined method `Category' for #<ActiveRecord::Relation::ActiveRecord_Relation_Post:0x9e33998>):
  app/controllers/posts_controller.rb:8:in `index'


  Rendered /home/vagrant/.rvm/gems/ruby-2.0.0-p247/gems/actionpack-4.0.0/lib/action_dispatch/middleware/templates/rescues/_source.erb (1.2ms)
  Rendered /home/vagrant/.rvm/gems/ruby-2.0.0-p247/gems/actionpack-4.0.0/lib/action_dispatch/middleware/templates/rescues/_trace.erb (2.1ms)
  Rendered /home/vagrant/.rvm/gems/ruby-2.0.0-p247/gems/actionpack-4.0.0/lib/action_dispatch/middleware/templates/rescues/_request_and_response.erb (1.7ms)
  Rendered /home/vagrant/.rvm/gems/ruby-2.0.0-p247/gems/actionpack-4.0.0/lib/action_dispatch/middleware/templates/rescues/diagnostics.erb within rescues/layout (28.9ms)


Started GET "/posts" for 10.0.2.2 at 2013-10-06 07:57:22 +0000
Processing by PostsController#index as HTML
  [1m[36mPost Load (2.4ms)[0m  [1mSELECT "posts".* FROM "posts"[0m
  [1m[35mCategory Load (2.7ms)[0m  SELECT "categories".* FROM "categories" WHERE "categories"."id" = ? ORDER BY "categories"."id" ASC LIMIT 1  [["id", 1]]
  Rendered posts/index.html.erb within layouts/application (235.4ms)
Completed 200 OK in 407ms (Views: 366.3ms | ActiveRecord: 14.0ms)


Started GET "/assets/categories.css?body=1" for 10.0.2.2 at 2013-10-06 07:57:23 +0000


Started GET "/assets/application.css?body=1" for 10.0.2.2 at 2013-10-06 07:57:23 +0000


Started GET "/assets/jquery_ujs.js?body=1" for 10.0.2.2 at 2013-10-06 07:57:23 +0000


Started GET "/assets/jquery.js?body=1" for 10.0.2.2 at 2013-10-06 07:57:23 +0000


Started GET "/assets/scaffolds.css?body=1" for 10.0.2.2 at 2013-10-06 07:57:23 +0000


Started GET "/assets/posts.css?body=1" for 10.0.2.2 at 2013-10-06 07:57:23 +0000


Started GET "/assets/turbolinks.js?body=1" for 10.0.2.2 at 2013-10-06 07:57:23 +0000


Started GET "/assets/categories.js?body=1" for 10.0.2.2 at 2013-10-06 07:57:23 +0000


Started GET "/assets/posts.js?body=1" for 10.0.2.2 at 2013-10-06 07:57:23 +0000


Started GET "/assets/application.js?body=1" for 10.0.2.2 at 2013-10-06 07:57:23 +0000


Started GET "/posts/new" for 10.0.2.2 at 2013-10-06 07:58:04 +0000
Processing by PostsController#new as HTML
  [1m[36mCategory Load (2.0ms)[0m  [1mSELECT "categories".* FROM "categories"[0m
  Rendered posts/_form.html.erb (13.6ms)
  Rendered posts/new.html.erb within layouts/application (56.9ms)
Completed 200 OK in 211ms (Views: 207.2ms | ActiveRecord: 2.0ms)


Started POST "/posts" for 10.0.2.2 at 2013-10-06 07:58:20 +0000
Processing by PostsController#create as HTML
  Parameters: {"utf8"=>"✓", "authenticity_token"=>"g2ZsKzvOQ2rUpDKgspsSDaJ0wQHr4/vSjx76cCMMS+k=", "post"=>{"title"=>"artikel showbiz", "category_id"=>"3", "content"=>"ini adalah showbiz"}, "commit"=>"Create Post"}
  [1m[35m (0.1ms)[0m  begin transaction
  [1m[36mSQL (5.5ms)[0m  [1mINSERT INTO "posts" ("category_id", "content", "created_at", "title", "updated_at") VALUES (?, ?, ?, ?, ?)[0m  [["category_id", 3], ["content", "ini adalah showbiz"], ["created_at", Sun, 06 Oct 2013 07:58:21 UTC +00:00], ["title", "artikel showbiz"], ["updated_at", Sun, 06 Oct 2013 07:58:21 UTC +00:00]]
  [1m[35m (3.7ms)[0m  commit transaction
Redirected to http://localhost:3000/posts/2
Completed 302 Found in 46ms (ActiveRecord: 9.3ms)


Started GET "/posts/2" for 10.0.2.2 at 2013-10-06 07:58:21 +0000
Processing by PostsController#show as HTML
  Parameters: {"id"=>"2"}
  [1m[36mPost Load (2.3ms)[0m  [1mSELECT "posts".* FROM "posts" WHERE "posts"."id" = ? LIMIT 1[0m  [["id", "2"]]
  Rendered posts/show.html.erb within layouts/application (0.5ms)
Completed 200 OK in 148ms (Views: 141.5ms | ActiveRecord: 2.3ms)


Started GET "/assets/posts.css?body=1" for 10.0.2.2 at 2013-10-06 07:58:21 +0000


Started GET "/assets/categories.css?body=1" for 10.0.2.2 at 2013-10-06 07:58:21 +0000


Started GET "/assets/application.css?body=1" for 10.0.2.2 at 2013-10-06 07:58:21 +0000


Started GET "/assets/jquery_ujs.js?body=1" for 10.0.2.2 at 2013-10-06 07:58:21 +0000


Started GET "/assets/jquery.js?body=1" for 10.0.2.2 at 2013-10-06 07:58:21 +0000


Started GET "/assets/scaffolds.css?body=1" for 10.0.2.2 at 2013-10-06 07:58:21 +0000


Started GET "/assets/turbolinks.js?body=1" for 10.0.2.2 at 2013-10-06 07:58:21 +0000


Started GET "/assets/categories.js?body=1" for 10.0.2.2 at 2013-10-06 07:58:22 +0000


Started GET "/assets/posts.js?body=1" for 10.0.2.2 at 2013-10-06 07:58:22 +0000


Started GET "/assets/application.js?body=1" for 10.0.2.2 at 2013-10-06 07:58:22 +0000


Started GET "/posts" for 10.0.2.2 at 2013-10-06 07:58:23 +0000
Processing by PostsController#index as HTML
  [1m[35mPost Load (2.4ms)[0m  SELECT "posts".* FROM "posts"
  [1m[36mCategory Load (2.1ms)[0m  [1mSELECT "categories".* FROM "categories" WHERE "categories"."id" = ? ORDER BY "categories"."id" ASC LIMIT 1[0m  [["id", 1]]
  [1m[35mCategory Load (2.1ms)[0m  SELECT "categories".* FROM "categories" WHERE "categories"."id" = ? ORDER BY "categories"."id" ASC LIMIT 1  [["id", 3]]
  Rendered posts/index.html.erb within layouts/application (20.8ms)
Completed 200 OK in 201ms (Views: 192.6ms | ActiveRecord: 6.6ms)


Started GET "/posts/1" for 10.0.2.2 at 2013-10-06 07:59:35 +0000
Processing by PostsController#show as HTML
  Parameters: {"id"=>"1"}
  [1m[36mPost Load (2.0ms)[0m  [1mSELECT "posts".* FROM "posts" WHERE "posts"."id" = ? LIMIT 1[0m  [["id", "1"]]
  [1m[35mCategory Load (2.0ms)[0m  SELECT "categories".* FROM "categories" WHERE "categories"."id" = ? ORDER BY "categories"."id" ASC LIMIT 1  [["id", 1]]
  Rendered posts/show.html.erb within layouts/application (8.6ms)
Completed 200 OK in 173ms (Views: 165.2ms | ActiveRecord: 4.1ms)


Started GET "/posts" for 10.0.2.2 at 2013-10-06 07:59:37 +0000
Processing by PostsController#index as HTML
  [1m[36mPost Load (2.0ms)[0m  [1mSELECT "posts".* FROM "posts"[0m
  [1m[35mCategory Load (1.8ms)[0m  SELECT "categories".* FROM "categories" WHERE "categories"."id" = ? ORDER BY "categories"."id" ASC LIMIT 1  [["id", 1]]
  [1m[36mCategory Load (2.9ms)[0m  [1mSELECT "categories".* FROM "categories" WHERE "categories"."id" = ? ORDER BY "categories"."id" ASC LIMIT 1[0m  [["id", 3]]
  Rendered posts/index.html.erb within layouts/application (17.4ms)
Completed 200 OK in 181ms (Views: 172.4ms | ActiveRecord: 6.7ms)


Started GET "/posts/1" for 10.0.2.2 at 2013-10-06 07:59:43 +0000
Processing by PostsController#show as HTML
  Parameters: {"id"=>"1"}
  [1m[35mPost Load (1.8ms)[0m  SELECT "posts".* FROM "posts" WHERE "posts"."id" = ? LIMIT 1  [["id", "1"]]
  [1m[36mCategory Load (2.0ms)[0m  [1mSELECT "categories".* FROM "categories" WHERE "categories"."id" = ? ORDER BY "categories"."id" ASC LIMIT 1[0m  [["id", 1]]
  Rendered posts/show.html.erb within layouts/application (8.2ms)
Completed 200 OK in 159ms (Views: 152.1ms | ActiveRecord: 3.7ms)


Started GET "/assets/application.css?body=1" for 10.0.2.2 at 2013-10-06 07:59:43 +0000


Started GET "/assets/jquery_ujs.js?body=1" for 10.0.2.2 at 2013-10-06 07:59:43 +0000


Started GET "/assets/jquery.js?body=1" for 10.0.2.2 at 2013-10-06 07:59:43 +0000


Started GET "/assets/scaffolds.css?body=1" for 10.0.2.2 at 2013-10-06 07:59:43 +0000


Started GET "/assets/posts.css?body=1" for 10.0.2.2 at 2013-10-06 07:59:43 +0000


Started GET "/assets/categories.css?body=1" for 10.0.2.2 at 2013-10-06 07:59:43 +0000


Started GET "/assets/turbolinks.js?body=1" for 10.0.2.2 at 2013-10-06 07:59:43 +0000


Started GET "/assets/categories.js?body=1" for 10.0.2.2 at 2013-10-06 07:59:43 +0000


Started GET "/assets/posts.js?body=1" for 10.0.2.2 at 2013-10-06 07:59:44 +0000


Started GET "/assets/application.js?body=1" for 10.0.2.2 at 2013-10-06 07:59:44 +0000


Started GET "/posts/2" for 10.0.2.2 at 2013-10-06 07:59:50 +0000
Processing by PostsController#show as HTML
  Parameters: {"id"=>"2"}
  [1m[35mPost Load (2.0ms)[0m  SELECT "posts".* FROM "posts" WHERE "posts"."id" = ? LIMIT 1  [["id", "2"]]
  [1m[36mCategory Load (1.9ms)[0m  [1mSELECT "categories".* FROM "categories" WHERE "categories"."id" = ? ORDER BY "categories"."id" ASC LIMIT 1[0m  [["id", 3]]
  Rendered posts/show.html.erb within layouts/application (5.5ms)
Completed 200 OK in 152ms (Views: 145.3ms | ActiveRecord: 3.9ms)


Started GET "/assets/scaffolds.css?body=1" for 10.0.2.2 at 2013-10-06 07:59:50 +0000


Started GET "/assets/jquery.js?body=1" for 10.0.2.2 at 2013-10-06 07:59:50 +0000


Started GET "/assets/categories.css?body=1" for 10.0.2.2 at 2013-10-06 07:59:50 +0000


Started GET "/assets/application.css?body=1" for 10.0.2.2 at 2013-10-06 07:59:50 +0000


Started GET "/assets/jquery_ujs.js?body=1" for 10.0.2.2 at 2013-10-06 07:59:50 +0000


Started GET "/assets/posts.css?body=1" for 10.0.2.2 at 2013-10-06 07:59:50 +0000


Started GET "/assets/turbolinks.js?body=1" for 10.0.2.2 at 2013-10-06 07:59:50 +0000


Started GET "/assets/categories.js?body=1" for 10.0.2.2 at 2013-10-06 07:59:50 +0000


Started GET "/assets/posts.js?body=1" for 10.0.2.2 at 2013-10-06 07:59:51 +0000


Started GET "/assets/application.js?body=1" for 10.0.2.2 at 2013-10-06 07:59:51 +0000


Started GET "/posts" for 10.0.2.2 at 2013-10-06 07:59:54 +0000
Processing by PostsController#index as HTML
  [1m[35mPost Load (2.0ms)[0m  SELECT "posts".* FROM "posts"
  [1m[36mCategory Load (2.3ms)[0m  [1mSELECT "categories".* FROM "categories" WHERE "categories"."id" = ? ORDER BY "categories"."id" ASC LIMIT 1[0m  [["id", 1]]
  [1m[35mCategory Load (2.0ms)[0m  SELECT "categories".* FROM "categories" WHERE "categories"."id" = ? ORDER BY "categories"."id" ASC LIMIT 1  [["id", 3]]
  Rendered posts/index.html.erb within layouts/application (15.8ms)
Completed 200 OK in 169ms (Views: 161.5ms | ActiveRecord: 6.3ms)


Started GET "/" for 10.0.2.2 at 2013-10-06 08:01:38 +0000
Processing by Rails::WelcomeController#index as HTML
  Rendered /home/vagrant/.rvm/gems/ruby-2.0.0-p247/gems/railties-4.0.0/lib/rails/templates/rails/welcome/index.html.erb (2.2ms)
Completed 200 OK in 9ms (Views: 7.9ms | ActiveRecord: 0.0ms)


Started GET "/posts" for 10.0.2.2 at 2013-10-06 08:06:51 +0000
Processing by PostsController#index as HTML
  [1m[36mPost Load (1.9ms)[0m  [1mSELECT "posts".* FROM "posts"[0m
  [1m[35mCategory Load (1.9ms)[0m  SELECT "categories".* FROM "categories" WHERE "categories"."id" = ? ORDER BY "categories"."id" ASC LIMIT 1  [["id", 1]]
  [1m[36mCategory Load (1.8ms)[0m  [1mSELECT "categories".* FROM "categories" WHERE "categories"."id" = ? ORDER BY "categories"."id" ASC LIMIT 1[0m  [["id", 3]]
  Rendered posts/index.html.erb within layouts/application (13.6ms)
Completed 200 OK in 174ms (Views: 167.9ms | ActiveRecord: 5.6ms)


Started GET "/assets/jquery_ujs.js?body=1" for 10.0.2.2 at 2013-10-06 08:06:51 +0000


Started GET "/assets/jquery.js?body=1" for 10.0.2.2 at 2013-10-06 08:06:51 +0000


Started GET "/assets/scaffolds.css?body=1" for 10.0.2.2 at 2013-10-06 08:06:52 +0000


Started GET "/assets/posts.css?body=1" for 10.0.2.2 at 2013-10-06 08:06:52 +0000


Started GET "/assets/application.css?body=1" for 10.0.2.2 at 2013-10-06 08:06:52 +0000


Started GET "/assets/categories.css?body=1" for 10.0.2.2 at 2013-10-06 08:06:52 +0000


Started GET "/assets/turbolinks.js?body=1" for 10.0.2.2 at 2013-10-06 08:06:52 +0000


Started GET "/assets/categories.js?body=1" for 10.0.2.2 at 2013-10-06 08:06:52 +0000


Started GET "/assets/posts.js?body=1" for 10.0.2.2 at 2013-10-06 08:06:52 +0000


Started GET "/assets/application.js?body=1" for 10.0.2.2 at 2013-10-06 08:06:52 +0000


Started GET "/posts/2" for 10.0.2.2 at 2013-10-06 08:06:59 +0000
Processing by PostsController#show as HTML
  Parameters: {"id"=>"2"}
  [1m[35mPost Load (2.8ms)[0m  SELECT "posts".* FROM "posts" WHERE "posts"."id" = ? LIMIT 1  [["id", "2"]]
  [1m[36mCategory Load (2.9ms)[0m  [1mSELECT "categories".* FROM "categories" WHERE "categories"."id" = ? ORDER BY "categories"."id" ASC LIMIT 1[0m  [["id", 3]]
  Rendered posts/show.html.erb within layouts/application (8.9ms)
Completed 200 OK in 179ms (Views: 169.0ms | ActiveRecord: 5.7ms)


Started GET "/posts/2/edit" for 10.0.2.2 at 2013-10-06 08:07:03 +0000
Processing by PostsController#edit as HTML
  Parameters: {"id"=>"2"}
  [1m[35mPost Load (2.1ms)[0m  SELECT "posts".* FROM "posts" WHERE "posts"."id" = ? LIMIT 1  [["id", "2"]]
  [1m[36mCategory Load (1.9ms)[0m  [1mSELECT "categories".* FROM "categories"[0m
  Rendered posts/_form.html.erb (33.6ms)
  Rendered posts/edit.html.erb within layouts/application (82.2ms)
Completed 200 OK in 245ms (Views: 237.3ms | ActiveRecord: 4.0ms)


Started GET "/posts" for 10.0.2.2 at 2013-10-06 08:07:10 +0000
Processing by PostsController#index as HTML
  [1m[35mPost Load (2.2ms)[0m  SELECT "posts".* FROM "posts"
  [1m[36mCategory Load (1.9ms)[0m  [1mSELECT "categories".* FROM "categories" WHERE "categories"."id" = ? ORDER BY "categories"."id" ASC LIMIT 1[0m  [["id", 1]]
  [1m[35mCategory Load (2.1ms)[0m  SELECT "categories".* FROM "categories" WHERE "categories"."id" = ? ORDER BY "categories"."id" ASC LIMIT 1  [["id", 3]]
  Rendered posts/index.html.erb within layouts/application (16.4ms)
Completed 200 OK in 174ms (Views: 165.7ms | ActiveRecord: 6.2ms)


Started GET "/posts" for 10.0.2.2 at 2013-10-06 08:10:57 +0000
Processing by PostsController#index as HTML
  [1m[36mPost Load (1.9ms)[0m  [1mSELECT "posts".* FROM "posts"[0m
  [1m[35mCategory Load (2.2ms)[0m  SELECT "categories".* FROM "categories" WHERE "categories"."id" = ? ORDER BY "categories"."id" ASC LIMIT 1  [["id", 1]]
  [1m[36mCategory Load (2.1ms)[0m  [1mSELECT "categories".* FROM "categories" WHERE "categories"."id" = ? ORDER BY "categories"."id" ASC LIMIT 1[0m  [["id", 3]]
  Rendered posts/index.html.erb within layouts/application (139.6ms)
Completed 200 OK in 897ms (Views: 849.8ms | ActiveRecord: 12.8ms)


Started GET "/assets/application.css?body=1" for 10.0.2.2 at 2013-10-06 08:10:58 +0000


Started GET "/assets/jquery.js?body=1" for 10.0.2.2 at 2013-10-06 08:10:58 +0000


Started GET "/assets/sessions.css?body=1" for 10.0.2.2 at 2013-10-06 08:10:58 +0000


Started GET "/assets/scaffolds.css?body=1" for 10.0.2.2 at 2013-10-06 08:10:58 +0000


Started GET "/assets/posts.css?body=1" for 10.0.2.2 at 2013-10-06 08:10:58 +0000


Started GET "/assets/categories.css?body=1" for 10.0.2.2 at 2013-10-06 08:10:58 +0000


Started GET "/assets/jquery_ujs.js?body=1" for 10.0.2.2 at 2013-10-06 08:10:58 +0000


Started GET "/assets/turbolinks.js?body=1" for 10.0.2.2 at 2013-10-06 08:10:58 +0000


Started GET "/assets/categories.js?body=1" for 10.0.2.2 at 2013-10-06 08:10:58 +0000


Started GET "/assets/posts.js?body=1" for 10.0.2.2 at 2013-10-06 08:10:58 +0000


Started GET "/assets/sessions.js?body=1" for 10.0.2.2 at 2013-10-06 08:10:59 +0000


Started GET "/assets/application.js?body=1" for 10.0.2.2 at 2013-10-06 08:10:59 +0000


Started GET "/login" for 10.0.2.2 at 2013-10-06 08:11:05 +0000

ActionController::RoutingError (No route matches [GET] "/login"):
  actionpack (4.0.0) lib/action_dispatch/middleware/debug_exceptions.rb:21:in `call'
  actionpack (4.0.0) lib/action_dispatch/middleware/show_exceptions.rb:30:in `call'
  railties (4.0.0) lib/rails/rack/logger.rb:38:in `call_app'
  railties (4.0.0) lib/rails/rack/logger.rb:21:in `block in call'
  activesupport (4.0.0) lib/active_support/tagged_logging.rb:67:in `block in tagged'
  activesupport (4.0.0) lib/active_support/tagged_logging.rb:25:in `tagged'
  activesupport (4.0.0) lib/active_support/tagged_logging.rb:67:in `tagged'
  railties (4.0.0) lib/rails/rack/logger.rb:21:in `call'
  actionpack (4.0.0) lib/action_dispatch/middleware/request_id.rb:21:in `call'
  rack (1.5.2) lib/rack/methodoverride.rb:21:in `call'
  rack (1.5.2) lib/rack/runtime.rb:17:in `call'
  activesupport (4.0.0) lib/active_support/cache/strategy/local_cache.rb:83:in `call'
  rack (1.5.2) lib/rack/lock.rb:17:in `call'
  actionpack (4.0.0) lib/action_dispatch/middleware/static.rb:64:in `call'
  railties (4.0.0) lib/rails/engine.rb:511:in `call'
  railties (4.0.0) lib/rails/application.rb:97:in `call'
  rack (1.5.2) lib/rack/lock.rb:17:in `call'
  rack (1.5.2) lib/rack/content_length.rb:14:in `call'
  rack (1.5.2) lib/rack/handler/webrick.rb:60:in `service'
  /home/vagrant/.rvm/rubies/ruby-2.0.0-p247/lib/ruby/2.0.0/webrick/httpserver.rb:138:in `service'
  /home/vagrant/.rvm/rubies/ruby-2.0.0-p247/lib/ruby/2.0.0/webrick/httpserver.rb:94:in `run'
  /home/vagrant/.rvm/rubies/ruby-2.0.0-p247/lib/ruby/2.0.0/webrick/server.rb:295:in `block in start_thread'


  Rendered /home/vagrant/.rvm/gems/ruby-2.0.0-p247/gems/actionpack-4.0.0/lib/action_dispatch/middleware/templates/rescues/_trace.erb (3.4ms)
  Rendered /home/vagrant/.rvm/gems/ruby-2.0.0-p247/gems/actionpack-4.0.0/lib/action_dispatch/middleware/templates/routes/_route.html.erb (28.7ms)
  Rendered /home/vagrant/.rvm/gems/ruby-2.0.0-p247/gems/actionpack-4.0.0/lib/action_dispatch/middleware/templates/routes/_table.html.erb (10.0ms)
  Rendered /home/vagrant/.rvm/gems/ruby-2.0.0-p247/gems/actionpack-4.0.0/lib/action_dispatch/middleware/templates/rescues/routing_error.erb within rescues/layout (77.8ms)


Started GET "/" for 10.0.2.2 at 2013-10-06 08:11:10 +0000
Processing by Rails::WelcomeController#index as HTML
  Rendered /home/vagrant/.rvm/gems/ruby-2.0.0-p247/gems/railties-4.0.0/lib/rails/templates/rails/welcome/index.html.erb (0.1ms)
Completed 200 OK in 5ms (Views: 3.8ms | ActiveRecord: 0.0ms)
  [1m[36mActiveRecord::SchemaMigration Load (2.5ms)[0m  [1mSELECT "schema_migrations".* FROM "schema_migrations"[0m
Migrating to CreateUsers (20131006081213)
  [1m[35m (0.2ms)[0m  begin transaction
  [1m[36m (5.5ms)[0m  [1mCREATE TABLE "users" ("id" INTEGER PRIMARY KEY AUTOINCREMENT NOT NULL, "username" varchar(255), "email" varchar(255), "encrypted_password" varchar(255), "salt" varchar(255), "created_at" datetime, "updated_at" datetime) [0m
  [1m[35mSQL (1.9ms)[0m  INSERT INTO "schema_migrations" ("version") VALUES (?)  [["version", "20131006081213"]]
  [1m[36m (4.0ms)[0m  [1mcommit transaction[0m
  [1m[35mActiveRecord::SchemaMigration Load (1.9ms)[0m  SELECT "schema_migrations".* FROM "schema_migrations"


Started GET "/" for 10.0.2.2 at 2013-10-06 08:16:15 +0000
  [1m[35mActiveRecord::SchemaMigration Load (2.2ms)[0m  SELECT "schema_migrations".* FROM "schema_migrations"
Processing by Rails::WelcomeController#index as HTML
  Rendered /home/vagrant/.rvm/gems/ruby-2.0.0-p247/gems/railties-4.0.0/lib/rails/templates/rails/welcome/index.html.erb (0.2ms)
Completed 200 OK in 6ms (Views: 4.6ms | ActiveRecord: 0.0ms)


Started GET "/users" for 10.0.2.2 at 2013-10-06 08:16:20 +0000

ActionController::RoutingError (No route matches [GET] "/users"):
  actionpack (4.0.0) lib/action_dispatch/middleware/debug_exceptions.rb:21:in `call'
  actionpack (4.0.0) lib/action_dispatch/middleware/show_exceptions.rb:30:in `call'
  railties (4.0.0) lib/rails/rack/logger.rb:38:in `call_app'
  railties (4.0.0) lib/rails/rack/logger.rb:21:in `block in call'
  activesupport (4.0.0) lib/active_support/tagged_logging.rb:67:in `block in tagged'
  activesupport (4.0.0) lib/active_support/tagged_logging.rb:25:in `tagged'
  activesupport (4.0.0) lib/active_support/tagged_logging.rb:67:in `tagged'
  railties (4.0.0) lib/rails/rack/logger.rb:21:in `call'
  actionpack (4.0.0) lib/action_dispatch/middleware/request_id.rb:21:in `call'
  rack (1.5.2) lib/rack/methodoverride.rb:21:in `call'
  rack (1.5.2) lib/rack/runtime.rb:17:in `call'
  activesupport (4.0.0) lib/active_support/cache/strategy/local_cache.rb:83:in `call'
  rack (1.5.2) lib/rack/lock.rb:17:in `call'
  actionpack (4.0.0) lib/action_dispatch/middleware/static.rb:64:in `call'
  railties (4.0.0) lib/rails/engine.rb:511:in `call'
  railties (4.0.0) lib/rails/application.rb:97:in `call'
  rack (1.5.2) lib/rack/lock.rb:17:in `call'
  rack (1.5.2) lib/rack/content_length.rb:14:in `call'
  rack (1.5.2) lib/rack/handler/webrick.rb:60:in `service'
  /home/vagrant/.rvm/rubies/ruby-2.0.0-p247/lib/ruby/2.0.0/webrick/httpserver.rb:138:in `service'
  /home/vagrant/.rvm/rubies/ruby-2.0.0-p247/lib/ruby/2.0.0/webrick/httpserver.rb:94:in `run'
  /home/vagrant/.rvm/rubies/ruby-2.0.0-p247/lib/ruby/2.0.0/webrick/server.rb:295:in `block in start_thread'


  Rendered /home/vagrant/.rvm/gems/ruby-2.0.0-p247/gems/actionpack-4.0.0/lib/action_dispatch/middleware/templates/rescues/_trace.erb (1.5ms)
  Rendered /home/vagrant/.rvm/gems/ruby-2.0.0-p247/gems/actionpack-4.0.0/lib/action_dispatch/middleware/templates/routes/_route.html.erb (3.1ms)
  Rendered /home/vagrant/.rvm/gems/ruby-2.0.0-p247/gems/actionpack-4.0.0/lib/action_dispatch/middleware/templates/routes/_table.html.erb (1.8ms)
  Rendered /home/vagrant/.rvm/gems/ruby-2.0.0-p247/gems/actionpack-4.0.0/lib/action_dispatch/middleware/templates/rescues/routing_error.erb within rescues/layout (38.1ms)


Started GET "/users/new" for 10.0.2.2 at 2013-10-06 08:16:24 +0000
Processing by UsersController#new as HTML
  Rendered users/new.html.erb within layouts/application (0.9ms)
Completed 200 OK in 806ms (Views: 775.8ms | ActiveRecord: 2.8ms)


Started GET "/assets/application.css?body=1" for 10.0.2.2 at 2013-10-06 08:16:26 +0000


Started GET "/assets/users.css?body=1" for 10.0.2.2 at 2013-10-06 08:16:26 +0000


Started GET "/assets/sessions.css?body=1" for 10.0.2.2 at 2013-10-06 08:16:26 +0000


Started GET "/assets/scaffolds.css?body=1" for 10.0.2.2 at 2013-10-06 08:16:26 +0000


Started GET "/assets/posts.css?body=1" for 10.0.2.2 at 2013-10-06 08:16:26 +0000


Started GET "/assets/categories.css?body=1" for 10.0.2.2 at 2013-10-06 08:16:26 +0000


Started GET "/assets/jquery.js?body=1" for 10.0.2.2 at 2013-10-06 08:16:26 +0000


Started GET "/assets/jquery_ujs.js?body=1" for 10.0.2.2 at 2013-10-06 08:16:26 +0000


Started GET "/assets/turbolinks.js?body=1" for 10.0.2.2 at 2013-10-06 08:16:26 +0000


Started GET "/assets/categories.js?body=1" for 10.0.2.2 at 2013-10-06 08:16:26 +0000


Started GET "/assets/posts.js?body=1" for 10.0.2.2 at 2013-10-06 08:16:26 +0000


Started GET "/assets/sessions.js?body=1" for 10.0.2.2 at 2013-10-06 08:16:27 +0000


Started GET "/assets/users.js?body=1" for 10.0.2.2 at 2013-10-06 08:16:27 +0000


Started GET "/assets/application.js?body=1" for 10.0.2.2 at 2013-10-06 08:16:27 +0000


Started GET "/users/new" for 10.0.2.2 at 2013-10-06 08:17:11 +0000
Processing by UsersController#new as HTML
  Rendered users/new.html.erb within layouts/application (91.0ms)
Completed 500 Internal Server Error in 186ms

ActionView::Template::Error (No route matches {:action=>"create", :controller=>"users"}):
    1: <% @page_title = "UserAuth | Signup" %>
    2: <div class="Sign_Form">
    3: <h1>Sign Up</h1>
    4: <%= form_for(:user, :url => {:controller => 'users', :action => 'create'}) do |f| %>
    5: <p> Username:</br> <%= f.text_field :username%> </p>
    6: <p> Email:</br> <%= f.text_field :email%> </p>
    7: <p> Password:</br> <%= f.password_field :password%></p>
  app/views/users/new.html.erb:4:in `_app_views_users_new_html_erb___771118929_82922350'


  Rendered /home/vagrant/.rvm/gems/ruby-2.0.0-p247/gems/actionpack-4.0.0/lib/action_dispatch/middleware/templates/rescues/_trace.erb (2.9ms)
  Rendered /home/vagrant/.rvm/gems/ruby-2.0.0-p247/gems/actionpack-4.0.0/lib/action_dispatch/middleware/templates/rescues/_request_and_response.erb (2.1ms)
  Rendered /home/vagrant/.rvm/gems/ruby-2.0.0-p247/gems/actionpack-4.0.0/lib/action_dispatch/middleware/templates/rescues/template_error.erb within rescues/layout (24.0ms)


Started GET "/users/new" for 10.0.2.2 at 2013-10-06 08:17:57 +0000
Processing by UsersController#new as HTML
  Rendered users/new.html.erb within layouts/application (46.6ms)
Completed 200 OK in 288ms (Views: 254.7ms | ActiveRecord: 5.2ms)


Started GET "/assets/application.css?body=1" for 10.0.2.2 at 2013-10-06 08:17:58 +0000


Started GET "/assets/users.css?body=1" for 10.0.2.2 at 2013-10-06 08:17:58 +0000


Started GET "/assets/sessions.css?body=1" for 10.0.2.2 at 2013-10-06 08:17:58 +0000


Started GET "/assets/posts.css?body=1" for 10.0.2.2 at 2013-10-06 08:17:58 +0000


Started GET "/assets/scaffolds.css?body=1" for 10.0.2.2 at 2013-10-06 08:17:59 +0000


Started GET "/assets/categories.css?body=1" for 10.0.2.2 at 2013-10-06 08:17:59 +0000


Started GET "/assets/jquery.js?body=1" for 10.0.2.2 at 2013-10-06 08:17:59 +0000


Started GET "/assets/jquery_ujs.js?body=1" for 10.0.2.2 at 2013-10-06 08:17:59 +0000


Started GET "/assets/turbolinks.js?body=1" for 10.0.2.2 at 2013-10-06 08:17:59 +0000


Started GET "/assets/categories.js?body=1" for 10.0.2.2 at 2013-10-06 08:17:59 +0000


Started GET "/assets/posts.js?body=1" for 10.0.2.2 at 2013-10-06 08:17:59 +0000


Started GET "/assets/sessions.js?body=1" for 10.0.2.2 at 2013-10-06 08:17:59 +0000


Started GET "/assets/users.js?body=1" for 10.0.2.2 at 2013-10-06 08:17:59 +0000


Started GET "/assets/application.js?body=1" for 10.0.2.2 at 2013-10-06 08:17:59 +0000


Started POST "/users" for 10.0.2.2 at 2013-10-06 08:18:01 +0000
Processing by UsersController#create as HTML
  Parameters: {"utf8"=>"✓", "authenticity_token"=>"g2ZsKzvOQ2rUpDKgspsSDaJ0wQHr4/vSjx76cCMMS+k=", "user"=>{"username"=>"", "email"=>"", "password"=>"[FILTERED]", "password_confirmation"=>"[FILTERED]"}, "commit"=>"Signup"}
Completed 500 Internal Server Error in 2ms

ActiveModel::ForbiddenAttributesError (ActiveModel::ForbiddenAttributesError):
  app/controllers/users_controller.rb:6:in `create'


  Rendered /home/vagrant/.rvm/gems/ruby-2.0.0-p247/gems/actionpack-4.0.0/lib/action_dispatch/middleware/templates/rescues/_source.erb (2.2ms)
  Rendered /home/vagrant/.rvm/gems/ruby-2.0.0-p247/gems/actionpack-4.0.0/lib/action_dispatch/middleware/templates/rescues/_trace.erb (3.5ms)
  Rendered /home/vagrant/.rvm/gems/ruby-2.0.0-p247/gems/actionpack-4.0.0/lib/action_dispatch/middleware/templates/rescues/_request_and_response.erb (3.2ms)
  Rendered /home/vagrant/.rvm/gems/ruby-2.0.0-p247/gems/actionpack-4.0.0/lib/action_dispatch/middleware/templates/rescues/diagnostics.erb within rescues/layout (41.0ms)


Started POST "/users" for 10.0.2.2 at 2013-10-06 08:19:27 +0000
Processing by UsersController#create as HTML
  Parameters: {"utf8"=>"✓", "authenticity_token"=>"g2ZsKzvOQ2rUpDKgspsSDaJ0wQHr4/vSjx76cCMMS+k=", "user"=>{"username"=>"", "email"=>"", "password"=>"[FILTERED]", "password_confirmation"=>"[FILTERED]"}, "commit"=>"Signup"}
Completed 500 Internal Server Error in 28ms

ArgumentError (The provided regular expression is using multiline anchors (^ or $), which may present a security risk. Did you mean to use \A and \z, or forgot to add the :multiline => true option?):
  app/models/user.rb:5:in `<class:User>'
  app/models/user.rb:1:in `<top (required)>'
  app/controllers/users_controller.rb:6:in `create'


  Rendered /home/vagrant/.rvm/gems/ruby-2.0.0-p247/gems/actionpack-4.0.0/lib/action_dispatch/middleware/templates/rescues/_source.erb (1.5ms)
  Rendered /home/vagrant/.rvm/gems/ruby-2.0.0-p247/gems/actionpack-4.0.0/lib/action_dispatch/middleware/templates/rescues/_trace.erb (2.7ms)
  Rendered /home/vagrant/.rvm/gems/ruby-2.0.0-p247/gems/actionpack-4.0.0/lib/action_dispatch/middleware/templates/rescues/_request_and_response.erb (4.3ms)
  Rendered /home/vagrant/.rvm/gems/ruby-2.0.0-p247/gems/actionpack-4.0.0/lib/action_dispatch/middleware/templates/rescues/diagnostics.erb within rescues/layout (39.5ms)


Started GET "/users" for 10.0.2.2 at 2013-10-06 08:23:45 +0000

RuntimeError (You should not use the `match` method in your router without specifying an HTTP method.
If you want to expose your action to both GET and POST, add `via: [:get, :post]` option.
If you want to expose your action to GET, use `get` in the router:
  Instead of: match "controller#action"
  Do: get "controller#action"):
  config/routes.rb:3:in `block in <top (required)>'
  config/routes.rb:1:in `<top (required)>'


  Rendered /home/vagrant/.rvm/gems/ruby-2.0.0-p247/gems/actionpack-4.0.0/lib/action_dispatch/middleware/templates/rescues/_source.erb (2.0ms)
  Rendered /home/vagrant/.rvm/gems/ruby-2.0.0-p247/gems/actionpack-4.0.0/lib/action_dispatch/middleware/templates/rescues/_trace.erb (3.5ms)
  Rendered /home/vagrant/.rvm/gems/ruby-2.0.0-p247/gems/actionpack-4.0.0/lib/action_dispatch/middleware/templates/rescues/_request_and_response.erb (2.8ms)
  Rendered /home/vagrant/.rvm/gems/ruby-2.0.0-p247/gems/actionpack-4.0.0/lib/action_dispatch/middleware/templates/rescues/diagnostics.erb within rescues/layout (46.8ms)


Started GET "/users/new" for 10.0.2.2 at 2013-10-06 08:23:50 +0000
Processing by UsersController#new as HTML
Completed 500 Internal Server Error in 31ms

ArgumentError (The provided regular expression is using multiline anchors (^ or $), which may present a security risk. Did you mean to use \A and \z, or forgot to add the :multiline => true option?):
  app/models/user.rb:5:in `<class:User>'
  app/models/user.rb:1:in `<top (required)>'
  app/controllers/users_controller.rb:3:in `new'


  Rendered /home/vagrant/.rvm/gems/ruby-2.0.0-p247/gems/actionpack-4.0.0/lib/action_dispatch/middleware/templates/rescues/_source.erb (1.2ms)
  Rendered /home/vagrant/.rvm/gems/ruby-2.0.0-p247/gems/actionpack-4.0.0/lib/action_dispatch/middleware/templates/rescues/_trace.erb (2.4ms)
  Rendered /home/vagrant/.rvm/gems/ruby-2.0.0-p247/gems/actionpack-4.0.0/lib/action_dispatch/middleware/templates/rescues/_request_and_response.erb (1.9ms)
  Rendered /home/vagrant/.rvm/gems/ruby-2.0.0-p247/gems/actionpack-4.0.0/lib/action_dispatch/middleware/templates/rescues/diagnostics.erb within rescues/layout (29.0ms)


Started GET "/users/new" for 10.0.2.2 at 2013-10-06 08:24:31 +0000

RuntimeError (You should not use the `match` method in your router without specifying an HTTP method.
If you want to expose your action to both GET and POST, add `via: [:get, :post]` option.
If you want to expose your action to GET, use `get` in the router:
  Instead of: match "controller#action"
  Do: get "controller#action"):
  config/routes.rb:3:in `block in <top (required)>'
  config/routes.rb:1:in `<top (required)>'


  Rendered /home/vagrant/.rvm/gems/ruby-2.0.0-p247/gems/actionpack-4.0.0/lib/action_dispatch/middleware/templates/rescues/_source.erb (1.5ms)
  Rendered /home/vagrant/.rvm/gems/ruby-2.0.0-p247/gems/actionpack-4.0.0/lib/action_dispatch/middleware/templates/rescues/_trace.erb (2.6ms)
  Rendered /home/vagrant/.rvm/gems/ruby-2.0.0-p247/gems/actionpack-4.0.0/lib/action_dispatch/middleware/templates/rescues/_request_and_response.erb (1.9ms)
  Rendered /home/vagrant/.rvm/gems/ruby-2.0.0-p247/gems/actionpack-4.0.0/lib/action_dispatch/middleware/templates/rescues/diagnostics.erb within rescues/layout (32.4ms)


Started GET "/users/new" for 10.0.2.2 at 2013-10-06 08:24:47 +0000
Processing by UsersController#new as HTML
Completed 500 Internal Server Error in 35ms

ArgumentError (A regular expression or a proc or lambda must be supplied as :with):
  app/models/user.rb:6:in `<class:User>'
  app/models/user.rb:1:in `<top (required)>'
  app/controllers/users_controller.rb:3:in `new'


  Rendered /home/vagrant/.rvm/gems/ruby-2.0.0-p247/gems/actionpack-4.0.0/lib/action_dispatch/middleware/templates/rescues/_source.erb (1.8ms)
  Rendered /home/vagrant/.rvm/gems/ruby-2.0.0-p247/gems/actionpack-4.0.0/lib/action_dispatch/middleware/templates/rescues/_trace.erb (2.8ms)
  Rendered /home/vagrant/.rvm/gems/ruby-2.0.0-p247/gems/actionpack-4.0.0/lib/action_dispatch/middleware/templates/rescues/_request_and_response.erb (2.2ms)
  Rendered /home/vagrant/.rvm/gems/ruby-2.0.0-p247/gems/actionpack-4.0.0/lib/action_dispatch/middleware/templates/rescues/diagnostics.erb within rescues/layout (59.2ms)


Started GET "/users/new" for 10.0.2.2 at 2013-10-06 08:25:01 +0000
Processing by UsersController#new as HTML
Completed 500 Internal Server Error in 25ms

ArgumentError (Either :with or :without must be supplied (but not both)):
  app/models/user.rb:6:in `<class:User>'
  app/models/user.rb:1:in `<top (required)>'
  app/controllers/users_controller.rb:3:in `new'


  Rendered /home/vagrant/.rvm/gems/ruby-2.0.0-p247/gems/actionpack-4.0.0/lib/action_dispatch/middleware/templates/rescues/_source.erb (1.5ms)
  Rendered /home/vagrant/.rvm/gems/ruby-2.0.0-p247/gems/actionpack-4.0.0/lib/action_dispatch/middleware/templates/rescues/_trace.erb (2.6ms)
  Rendered /home/vagrant/.rvm/gems/ruby-2.0.0-p247/gems/actionpack-4.0.0/lib/action_dispatch/middleware/templates/rescues/_request_and_response.erb (2.1ms)
  Rendered /home/vagrant/.rvm/gems/ruby-2.0.0-p247/gems/actionpack-4.0.0/lib/action_dispatch/middleware/templates/rescues/diagnostics.erb within rescues/layout (32.4ms)


Started GET "/users/new" for 10.0.2.2 at 2013-10-06 08:25:11 +0000
Processing by UsersController#new as HTML
Completed 500 Internal Server Error in 51ms

NameError (uninitialized constant User::BCrypt):
  app/models/user.rb:11:in `<class:User>'
  app/models/user.rb:1:in `<top (required)>'
  app/controllers/users_controller.rb:3:in `new'


  Rendered /home/vagrant/.rvm/gems/ruby-2.0.0-p247/gems/actionpack-4.0.0/lib/action_dispatch/middleware/templates/rescues/_source.erb (1.7ms)
  Rendered /home/vagrant/.rvm/gems/ruby-2.0.0-p247/gems/actionpack-4.0.0/lib/action_dispatch/middleware/templates/rescues/_trace.erb (3.3ms)
  Rendered /home/vagrant/.rvm/gems/ruby-2.0.0-p247/gems/actionpack-4.0.0/lib/action_dispatch/middleware/templates/rescues/_request_and_response.erb (2.6ms)
  Rendered /home/vagrant/.rvm/gems/ruby-2.0.0-p247/gems/actionpack-4.0.0/lib/action_dispatch/middleware/templates/rescues/diagnostics.erb within rescues/layout (38.4ms)


Started GET "/users/new" for 10.0.2.2 at 2013-10-06 08:25:34 +0000
Processing by UsersController#new as HTML
Completed 500 Internal Server Error in 30ms

RuntimeError (`attr_accessible` is extracted out of Rails into a gem. Please use new recommended protection model for params(strong_parameters) or add `protected_attributes` to your Gemfile to use old one.):
  app/models/user.rb:23:in `<class:User>'
  app/models/user.rb:1:in `<top (required)>'
  app/controllers/users_controller.rb:3:in `new'


  Rendered /home/vagrant/.rvm/gems/ruby-2.0.0-p247/gems/actionpack-4.0.0/lib/action_dispatch/middleware/templates/rescues/_source.erb (1.5ms)
  Rendered /home/vagrant/.rvm/gems/ruby-2.0.0-p247/gems/actionpack-4.0.0/lib/action_dispatch/middleware/templates/rescues/_trace.erb (3.1ms)
  Rendered /home/vagrant/.rvm/gems/ruby-2.0.0-p247/gems/actionpack-4.0.0/lib/action_dispatch/middleware/templates/rescues/_request_and_response.erb (2.4ms)
  Rendered /home/vagrant/.rvm/gems/ruby-2.0.0-p247/gems/actionpack-4.0.0/lib/action_dispatch/middleware/templates/rescues/diagnostics.erb within rescues/layout (34.9ms)


Started GET "/users/new" for 10.0.2.2 at 2013-10-06 08:25:43 +0000
Processing by UsersController#new as HTML
  Rendered users/new.html.erb within layouts/application (50.9ms)
Completed 200 OK in 268ms (Views: 229.4ms | ActiveRecord: 5.2ms)


Started GET "/assets/application.css?body=1" for 10.0.2.2 at 2013-10-06 08:25:44 +0000


Started GET "/assets/categories.css?body=1" for 10.0.2.2 at 2013-10-06 08:25:44 +0000


Started GET "/assets/users.css?body=1" for 10.0.2.2 at 2013-10-06 08:25:44 +0000


Started GET "/assets/sessions.css?body=1" for 10.0.2.2 at 2013-10-06 08:25:44 +0000


Started GET "/assets/scaffolds.css?body=1" for 10.0.2.2 at 2013-10-06 08:25:44 +0000


Started GET "/assets/posts.css?body=1" for 10.0.2.2 at 2013-10-06 08:25:44 +0000


Started GET "/assets/jquery.js?body=1" for 10.0.2.2 at 2013-10-06 08:25:44 +0000


Started GET "/assets/jquery_ujs.js?body=1" for 10.0.2.2 at 2013-10-06 08:25:45 +0000


Started GET "/assets/turbolinks.js?body=1" for 10.0.2.2 at 2013-10-06 08:25:45 +0000


Started GET "/assets/categories.js?body=1" for 10.0.2.2 at 2013-10-06 08:25:45 +0000


Started GET "/assets/posts.js?body=1" for 10.0.2.2 at 2013-10-06 08:25:45 +0000


Started GET "/assets/sessions.js?body=1" for 10.0.2.2 at 2013-10-06 08:25:45 +0000


Started GET "/assets/users.js?body=1" for 10.0.2.2 at 2013-10-06 08:25:45 +0000


Started GET "/assets/application.js?body=1" for 10.0.2.2 at 2013-10-06 08:25:45 +0000


Started POST "/users" for 10.0.2.2 at 2013-10-06 08:25:47 +0000
Processing by UsersController#create as HTML
  Parameters: {"utf8"=>"✓", "authenticity_token"=>"g2ZsKzvOQ2rUpDKgspsSDaJ0wQHr4/vSjx76cCMMS+k=", "user"=>{"username"=>"", "email"=>"", "password"=>"[FILTERED]", "password_confirmation"=>"[FILTERED]"}, "commit"=>"Signup"}
Completed 500 Internal Server Error in 1ms

ActiveModel::ForbiddenAttributesError (ActiveModel::ForbiddenAttributesError):
  app/controllers/users_controller.rb:6:in `create'


  Rendered /home/vagrant/.rvm/gems/ruby-2.0.0-p247/gems/actionpack-4.0.0/lib/action_dispatch/middleware/templates/rescues/_source.erb (1.5ms)
  Rendered /home/vagrant/.rvm/gems/ruby-2.0.0-p247/gems/actionpack-4.0.0/lib/action_dispatch/middleware/templates/rescues/_trace.erb (2.8ms)
  Rendered /home/vagrant/.rvm/gems/ruby-2.0.0-p247/gems/actionpack-4.0.0/lib/action_dispatch/middleware/templates/rescues/_request_and_response.erb (3.3ms)
  Rendered /home/vagrant/.rvm/gems/ruby-2.0.0-p247/gems/actionpack-4.0.0/lib/action_dispatch/middleware/templates/rescues/diagnostics.erb within rescues/layout (34.4ms)


Started GET "/posts" for 10.0.2.2 at 2013-10-06 08:27:08 +0000
Processing by PostsController#index as HTML
  [1m[36mPost Load (2.0ms)[0m  [1mSELECT "posts".* FROM "posts"[0m
  [1m[35mCategory Load (2.7ms)[0m  SELECT "categories".* FROM "categories" WHERE "categories"."id" = ? ORDER BY "categories"."id" ASC LIMIT 1  [["id", 1]]
  [1m[36mCategory Load (2.3ms)[0m  [1mSELECT "categories".* FROM "categories" WHERE "categories"."id" = ? ORDER BY "categories"."id" ASC LIMIT 1[0m  [["id", 3]]
  Rendered posts/index.html.erb within layouts/application (173.7ms)
Completed 200 OK in 369ms (Views: 331.2ms | ActiveRecord: 11.9ms)


Started GET "/assets/users.css?body=1" for 10.0.2.2 at 2013-10-06 08:27:09 +0000


Started GET "/assets/sessions.css?body=1" for 10.0.2.2 at 2013-10-06 08:27:09 +0000


Started GET "/assets/scaffolds.css?body=1" for 10.0.2.2 at 2013-10-06 08:27:09 +0000


Started GET "/assets/posts.css?body=1" for 10.0.2.2 at 2013-10-06 08:27:09 +0000


Started GET "/assets/application.css?body=1" for 10.0.2.2 at 2013-10-06 08:27:09 +0000


Started GET "/assets/categories.css?body=1" for 10.0.2.2 at 2013-10-06 08:27:09 +0000


Started GET "/assets/jquery.js?body=1" for 10.0.2.2 at 2013-10-06 08:27:09 +0000


Started GET "/assets/jquery_ujs.js?body=1" for 10.0.2.2 at 2013-10-06 08:27:09 +0000


Started GET "/assets/turbolinks.js?body=1" for 10.0.2.2 at 2013-10-06 08:27:10 +0000


Started GET "/assets/categories.js?body=1" for 10.0.2.2 at 2013-10-06 08:27:10 +0000


Started GET "/assets/posts.js?body=1" for 10.0.2.2 at 2013-10-06 08:27:10 +0000


Started GET "/assets/sessions.js?body=1" for 10.0.2.2 at 2013-10-06 08:27:10 +0000


Started GET "/assets/users.js?body=1" for 10.0.2.2 at 2013-10-06 08:27:10 +0000


Started GET "/assets/application.js?body=1" for 10.0.2.2 at 2013-10-06 08:27:10 +0000


Started GET "/posts/new" for 10.0.2.2 at 2013-10-06 08:27:21 +0000
Processing by PostsController#new as HTML
  [1m[35mCategory Load (2.3ms)[0m  SELECT "categories".* FROM "categories"
  Rendered posts/_form.html.erb (15.3ms)
  Rendered posts/new.html.erb within layouts/application (60.1ms)
Completed 200 OK in 246ms (Views: 241.7ms | ActiveRecord: 2.3ms)


Started POST "/posts" for 10.0.2.2 at 2013-10-06 08:27:25 +0000
Processing by PostsController#create as HTML
  Parameters: {"utf8"=>"✓", "authenticity_token"=>"g2ZsKzvOQ2rUpDKgspsSDaJ0wQHr4/vSjx76cCMMS+k=", "post"=>{"title"=>"", "category_id"=>"1", "content"=>""}, "commit"=>"Create Post"}
  [1m[36m (0.2ms)[0m  [1mbegin transaction[0m
  [1m[35mSQL (5.8ms)[0m  INSERT INTO "posts" ("category_id", "content", "created_at", "title", "updated_at") VALUES (?, ?, ?, ?, ?)  [["category_id", 1], ["content", ""], ["created_at", Sun, 06 Oct 2013 08:27:25 UTC +00:00], ["title", ""], ["updated_at", Sun, 06 Oct 2013 08:27:25 UTC +00:00]]
  [1m[36m (4.0ms)[0m  [1mcommit transaction[0m
Redirected to http://localhost:3000/posts/3
Completed 302 Found in 55ms (ActiveRecord: 10.1ms)


Started GET "/posts/3" for 10.0.2.2 at 2013-10-06 08:27:25 +0000
Processing by PostsController#show as HTML
  Parameters: {"id"=>"3"}
  [1m[35mPost Load (2.5ms)[0m  SELECT "posts".* FROM "posts" WHERE "posts"."id" = ? LIMIT 1  [["id", "3"]]
  [1m[36mCategory Load (1.8ms)[0m  [1mSELECT "categories".* FROM "categories" WHERE "categories"."id" = ? ORDER BY "categories"."id" ASC LIMIT 1[0m  [["id", 1]]
  Rendered posts/show.html.erb within layouts/application (5.4ms)
Completed 200 OK in 217ms (Views: 208.6ms | ActiveRecord: 4.3ms)


Started GET "/assets/sessions.css?body=1" for 10.0.2.2 at 2013-10-06 08:27:25 +0000


Started GET "/assets/scaffolds.css?body=1" for 10.0.2.2 at 2013-10-06 08:27:25 +0000


Started GET "/assets/application.css?body=1" for 10.0.2.2 at 2013-10-06 08:27:26 +0000


Started GET "/assets/posts.css?body=1" for 10.0.2.2 at 2013-10-06 08:27:26 +0000


Started GET "/assets/users.css?body=1" for 10.0.2.2 at 2013-10-06 08:27:26 +0000


Started GET "/assets/categories.css?body=1" for 10.0.2.2 at 2013-10-06 08:27:26 +0000


Started GET "/assets/jquery.js?body=1" for 10.0.2.2 at 2013-10-06 08:27:26 +0000


Started GET "/assets/jquery_ujs.js?body=1" for 10.0.2.2 at 2013-10-06 08:27:26 +0000


Started GET "/assets/turbolinks.js?body=1" for 10.0.2.2 at 2013-10-06 08:27:26 +0000


Started GET "/assets/categories.js?body=1" for 10.0.2.2 at 2013-10-06 08:27:26 +0000


Started GET "/assets/posts.js?body=1" for 10.0.2.2 at 2013-10-06 08:27:26 +0000


Started GET "/assets/sessions.js?body=1" for 10.0.2.2 at 2013-10-06 08:27:26 +0000


Started GET "/assets/users.js?body=1" for 10.0.2.2 at 2013-10-06 08:27:26 +0000


Started GET "/assets/application.js?body=1" for 10.0.2.2 at 2013-10-06 08:27:26 +0000


Started GET "/posts" for 10.0.2.2 at 2013-10-06 08:27:29 +0000
Processing by PostsController#index as HTML
  [1m[35mPost Load (5.2ms)[0m  SELECT "posts".* FROM "posts"
  [1m[36mCategory Load (4.1ms)[0m  [1mSELECT "categories".* FROM "categories" WHERE "categories"."id" = ? ORDER BY "categories"."id" ASC LIMIT 1[0m  [["id", 1]]
  [1m[35mCategory Load (1.8ms)[0m  SELECT "categories".* FROM "categories" WHERE "categories"."id" = ? ORDER BY "categories"."id" ASC LIMIT 1  [["id", 3]]
  [1m[36mCACHE (0.0ms)[0m  [1mSELECT "categories".* FROM "categories" WHERE "categories"."id" = ? ORDER BY "categories"."id" ASC LIMIT 1[0m  [["id", 1]]
  Rendered posts/index.html.erb within layouts/application (24.6ms)
Completed 200 OK in 211ms (Views: 199.0ms | ActiveRecord: 11.1ms)


Started DELETE "/posts/3" for 10.0.2.2 at 2013-10-06 08:27:35 +0000
Processing by PostsController#destroy as HTML
  Parameters: {"authenticity_token"=>"g2ZsKzvOQ2rUpDKgspsSDaJ0wQHr4/vSjx76cCMMS+k=", "id"=>"3"}
  [1m[35mPost Load (2.8ms)[0m  SELECT "posts".* FROM "posts" WHERE "posts"."id" = ? LIMIT 1  [["id", "3"]]
  [1m[36m (0.2ms)[0m  [1mbegin transaction[0m
  [1m[35mSQL (4.2ms)[0m  DELETE FROM "posts" WHERE "posts"."id" = ?  [["id", 3]]
  [1m[36m (3.4ms)[0m  [1mcommit transaction[0m
Redirected to http://localhost:3000/posts
Completed 302 Found in 48ms (ActiveRecord: 10.6ms)


Started GET "/posts" for 10.0.2.2 at 2013-10-06 08:27:35 +0000
Processing by PostsController#index as HTML
  [1m[35mPost Load (4.0ms)[0m  SELECT "posts".* FROM "posts"
  [1m[36mCategory Load (4.7ms)[0m  [1mSELECT "categories".* FROM "categories" WHERE "categories"."id" = ? ORDER BY "categories"."id" ASC LIMIT 1[0m  [["id", 1]]
  [1m[35mCategory Load (2.0ms)[0m  SELECT "categories".* FROM "categories" WHERE "categories"."id" = ? ORDER BY "categories"."id" ASC LIMIT 1  [["id", 3]]
  Rendered posts/index.html.erb within layouts/application (29.5ms)
Completed 200 OK in 208ms (Views: 195.0ms | ActiveRecord: 10.7ms)


Started GET "/assets/posts.css?body=1" for 10.0.2.2 at 2013-10-06 08:27:35 +0000


Started GET "/assets/users.css?body=1" for 10.0.2.2 at 2013-10-06 08:27:36 +0000


Started GET "/assets/categories.css?body=1" for 10.0.2.2 at 2013-10-06 08:27:36 +0000


Started GET "/assets/scaffolds.css?body=1" for 10.0.2.2 at 2013-10-06 08:27:36 +0000


Started GET "/assets/sessions.css?body=1" for 10.0.2.2 at 2013-10-06 08:27:36 +0000


Started GET "/assets/application.css?body=1" for 10.0.2.2 at 2013-10-06 08:27:36 +0000


Started GET "/assets/jquery.js?body=1" for 10.0.2.2 at 2013-10-06 08:27:36 +0000


Started GET "/assets/jquery_ujs.js?body=1" for 10.0.2.2 at 2013-10-06 08:27:36 +0000


Started GET "/assets/turbolinks.js?body=1" for 10.0.2.2 at 2013-10-06 08:27:36 +0000


Started GET "/assets/categories.js?body=1" for 10.0.2.2 at 2013-10-06 08:27:36 +0000


Started GET "/assets/posts.js?body=1" for 10.0.2.2 at 2013-10-06 08:27:36 +0000


Started GET "/assets/sessions.js?body=1" for 10.0.2.2 at 2013-10-06 08:27:36 +0000


Started GET "/assets/users.js?body=1" for 10.0.2.2 at 2013-10-06 08:27:36 +0000


Started GET "/assets/application.js?body=1" for 10.0.2.2 at 2013-10-06 08:27:37 +0000


Started GET "/" for 10.0.2.2 at 2013-10-07 02:24:51 +0000
  [1m[36mActiveRecord::SchemaMigration Load (0.6ms)[0m  [1mSELECT "schema_migrations".* FROM "schema_migrations"[0m
Processing by Rails::WelcomeController#index as HTML
  Rendered /home/vagrant/.rvm/gems/ruby-2.0.0-p247/gems/railties-4.0.0/lib/rails/templates/rails/welcome/index.html.erb (3.3ms)
Completed 200 OK in 36ms (Views: 16.5ms | ActiveRecord: 0.0ms)


Started GET "/category" for 10.0.2.2 at 2013-10-07 02:25:00 +0000

ActionController::RoutingError (No route matches [GET] "/category"):
  actionpack (4.0.0) lib/action_dispatch/middleware/debug_exceptions.rb:21:in `call'
  actionpack (4.0.0) lib/action_dispatch/middleware/show_exceptions.rb:30:in `call'
  railties (4.0.0) lib/rails/rack/logger.rb:38:in `call_app'
  railties (4.0.0) lib/rails/rack/logger.rb:21:in `block in call'
  activesupport (4.0.0) lib/active_support/tagged_logging.rb:67:in `block in tagged'
  activesupport (4.0.0) lib/active_support/tagged_logging.rb:25:in `tagged'
  activesupport (4.0.0) lib/active_support/tagged_logging.rb:67:in `tagged'
  railties (4.0.0) lib/rails/rack/logger.rb:21:in `call'
  actionpack (4.0.0) lib/action_dispatch/middleware/request_id.rb:21:in `call'
  rack (1.5.2) lib/rack/methodoverride.rb:21:in `call'
  rack (1.5.2) lib/rack/runtime.rb:17:in `call'
  activesupport (4.0.0) lib/active_support/cache/strategy/local_cache.rb:83:in `call'
  rack (1.5.2) lib/rack/lock.rb:17:in `call'
  actionpack (4.0.0) lib/action_dispatch/middleware/static.rb:64:in `call'
  railties (4.0.0) lib/rails/engine.rb:511:in `call'
  railties (4.0.0) lib/rails/application.rb:97:in `call'
  rack (1.5.2) lib/rack/lock.rb:17:in `call'
  rack (1.5.2) lib/rack/content_length.rb:14:in `call'
  rack (1.5.2) lib/rack/handler/webrick.rb:60:in `service'
  /home/vagrant/.rvm/rubies/ruby-2.0.0-p247/lib/ruby/2.0.0/webrick/httpserver.rb:138:in `service'
  /home/vagrant/.rvm/rubies/ruby-2.0.0-p247/lib/ruby/2.0.0/webrick/httpserver.rb:94:in `run'
  /home/vagrant/.rvm/rubies/ruby-2.0.0-p247/lib/ruby/2.0.0/webrick/server.rb:295:in `block in start_thread'


  Rendered /home/vagrant/.rvm/gems/ruby-2.0.0-p247/gems/actionpack-4.0.0/lib/action_dispatch/middleware/templates/rescues/_trace.erb (0.9ms)
  Rendered /home/vagrant/.rvm/gems/ruby-2.0.0-p247/gems/actionpack-4.0.0/lib/action_dispatch/middleware/templates/routes/_route.html.erb (19.4ms)
  Rendered /home/vagrant/.rvm/gems/ruby-2.0.0-p247/gems/actionpack-4.0.0/lib/action_dispatch/middleware/templates/routes/_table.html.erb (9.1ms)
  Rendered /home/vagrant/.rvm/gems/ruby-2.0.0-p247/gems/actionpack-4.0.0/lib/action_dispatch/middleware/templates/rescues/routing_error.erb within rescues/layout (51.1ms)


Started GET "/categories" for 10.0.2.2 at 2013-10-07 02:25:05 +0000
Processing by CategoriesController#index as HTML
  [1m[35mCategory Load (0.7ms)[0m  SELECT "categories".* FROM "categories"
  Rendered categories/index.html.erb within layouts/application (28.2ms)
Completed 200 OK in 286ms (Views: 271.3ms | ActiveRecord: 1.6ms)


Started GET "/assets/application.css?body=1" for 10.0.2.2 at 2013-10-07 02:25:05 +0000


Started GET "/assets/users.css?body=1" for 10.0.2.2 at 2013-10-07 02:25:05 +0000


Started GET "/assets/sessions.css?body=1" for 10.0.2.2 at 2013-10-07 02:25:05 +0000


Started GET "/assets/scaffolds.css?body=1" for 10.0.2.2 at 2013-10-07 02:25:05 +0000


Started GET "/assets/posts.css?body=1" for 10.0.2.2 at 2013-10-07 02:25:05 +0000


Started GET "/assets/categories.css?body=1" for 10.0.2.2 at 2013-10-07 02:25:05 +0000


Started GET "/assets/jquery.js?body=1" for 10.0.2.2 at 2013-10-07 02:25:05 +0000


Started GET "/assets/jquery_ujs.js?body=1" for 10.0.2.2 at 2013-10-07 02:25:05 +0000


Started GET "/assets/turbolinks.js?body=1" for 10.0.2.2 at 2013-10-07 02:25:05 +0000


Started GET "/assets/categories.js?body=1" for 10.0.2.2 at 2013-10-07 02:25:05 +0000


Started GET "/assets/posts.js?body=1" for 10.0.2.2 at 2013-10-07 02:25:05 +0000


Started GET "/assets/sessions.js?body=1" for 10.0.2.2 at 2013-10-07 02:25:05 +0000


Started GET "/assets/users.js?body=1" for 10.0.2.2 at 2013-10-07 02:25:05 +0000


Started GET "/assets/application.js?body=1" for 10.0.2.2 at 2013-10-07 02:25:06 +0000


Started GET "/posts" for 10.0.2.2 at 2013-10-07 02:25:11 +0000
Processing by PostsController#index as HTML
  [1m[36mPost Load (0.8ms)[0m  [1mSELECT "posts".* FROM "posts"[0m
  [1m[35mCategory Load (4.8ms)[0m  SELECT "categories".* FROM "categories" WHERE "categories"."id" = ? ORDER BY "categories"."id" ASC LIMIT 1  [["id", 1]]
  [1m[36mCategory Load (0.7ms)[0m  [1mSELECT "categories".* FROM "categories" WHERE "categories"."id" = ? ORDER BY "categories"."id" ASC LIMIT 1[0m  [["id", 3]]
  Rendered posts/index.html.erb within layouts/application (63.8ms)
Completed 200 OK in 204ms (Views: 183.2ms | ActiveRecord: 7.2ms)


Started GET "/assets/posts.css?body=1" for 10.0.2.2 at 2013-10-07 02:25:11 +0000


Started GET "/assets/scaffolds.css?body=1" for 10.0.2.2 at 2013-10-07 02:25:11 +0000


Started GET "/assets/users.css?body=1" for 10.0.2.2 at 2013-10-07 02:25:11 +0000


Started GET "/assets/sessions.css?body=1" for 10.0.2.2 at 2013-10-07 02:25:11 +0000


Started GET "/assets/application.css?body=1" for 10.0.2.2 at 2013-10-07 02:25:11 +0000


Started GET "/assets/categories.css?body=1" for 10.0.2.2 at 2013-10-07 02:25:12 +0000


Started GET "/assets/jquery.js?body=1" for 10.0.2.2 at 2013-10-07 02:25:12 +0000


Started GET "/assets/jquery_ujs.js?body=1" for 10.0.2.2 at 2013-10-07 02:25:12 +0000


Started GET "/assets/turbolinks.js?body=1" for 10.0.2.2 at 2013-10-07 02:25:12 +0000


Started GET "/assets/categories.js?body=1" for 10.0.2.2 at 2013-10-07 02:25:12 +0000


Started GET "/assets/posts.js?body=1" for 10.0.2.2 at 2013-10-07 02:25:12 +0000


Started GET "/assets/sessions.js?body=1" for 10.0.2.2 at 2013-10-07 02:25:12 +0000


Started GET "/assets/users.js?body=1" for 10.0.2.2 at 2013-10-07 02:25:12 +0000


Started GET "/assets/application.js?body=1" for 10.0.2.2 at 2013-10-07 02:25:12 +0000


Started GET "/posts/2" for 10.0.2.2 at 2013-10-07 02:25:15 +0000
Processing by PostsController#show as HTML
  Parameters: {"id"=>"2"}
  [1m[35mPost Load (1.0ms)[0m  SELECT "posts".* FROM "posts" WHERE "posts"."id" = ? LIMIT 1  [["id", "2"]]
  [1m[36mCategory Load (0.9ms)[0m  [1mSELECT "categories".* FROM "categories" WHERE "categories"."id" = ? ORDER BY "categories"."id" ASC LIMIT 1[0m  [["id", 3]]
  Rendered posts/show.html.erb within layouts/application (2.8ms)
Completed 200 OK in 113ms (Views: 110.0ms | ActiveRecord: 1.8ms)


Started GET "/posts" for 10.0.2.2 at 2013-10-07 02:25:16 +0000
Processing by PostsController#index as HTML
  [1m[35mPost Load (0.6ms)[0m  SELECT "posts".* FROM "posts"
  [1m[36mCategory Load (0.8ms)[0m  [1mSELECT "categories".* FROM "categories" WHERE "categories"."id" = ? ORDER BY "categories"."id" ASC LIMIT 1[0m  [["id", 1]]
  [1m[35mCategory Load (0.6ms)[0m  SELECT "categories".* FROM "categories" WHERE "categories"."id" = ? ORDER BY "categories"."id" ASC LIMIT 1  [["id", 3]]
  Rendered posts/index.html.erb within layouts/application (5.5ms)
Completed 200 OK in 123ms (Views: 120.1ms | ActiveRecord: 2.0ms)


Started GET "/posts/new" for 10.0.2.2 at 2013-10-07 02:25:18 +0000
Processing by PostsController#new as HTML
  [1m[36mCategory Load (0.7ms)[0m  [1mSELECT "categories".* FROM "categories"[0m
  Rendered posts/_form.html.erb (20.3ms)
  Rendered posts/new.html.erb within layouts/application (35.1ms)
Completed 200 OK in 139ms (Views: 137.6ms | ActiveRecord: 0.7ms)


Started GET "/posts" for 10.0.2.2 at 2013-10-07 02:30:50 +0000
  [1m[36mActiveRecord::SchemaMigration Load (0.8ms)[0m  [1mSELECT "schema_migrations".* FROM "schema_migrations"[0m
Processing by PostsController#index as HTML
  [1m[35mPost Load (0.7ms)[0m  SELECT "posts".* FROM "posts" LIMIT 30 OFFSET 0
  [1m[36mCategory Load (5.5ms)[0m  [1mSELECT "categories".* FROM "categories" WHERE "categories"."id" = ? ORDER BY "categories"."id" ASC LIMIT 1[0m  [["id", 1]]
  [1m[35mCategory Load (0.3ms)[0m  SELECT "categories".* FROM "categories" WHERE "categories"."id" = ? ORDER BY "categories"."id" ASC LIMIT 1  [["id", 3]]
  Rendered posts/index.html.erb within layouts/application (80.5ms)
Completed 200 OK in 381ms (Views: 339.5ms | ActiveRecord: 8.9ms)


Started GET "/assets/application.css?body=1" for 10.0.2.2 at 2013-10-07 02:30:51 +0000


Started GET "/assets/users.css?body=1" for 10.0.2.2 at 2013-10-07 02:30:51 +0000


Started GET "/assets/sessions.css?body=1" for 10.0.2.2 at 2013-10-07 02:30:51 +0000


Started GET "/assets/scaffolds.css?body=1" for 10.0.2.2 at 2013-10-07 02:30:51 +0000


Started GET "/assets/posts.css?body=1" for 10.0.2.2 at 2013-10-07 02:30:51 +0000


Started GET "/assets/categories.css?body=1" for 10.0.2.2 at 2013-10-07 02:30:51 +0000


Started GET "/assets/jquery.js?body=1" for 10.0.2.2 at 2013-10-07 02:30:51 +0000


Started GET "/assets/jquery_ujs.js?body=1" for 10.0.2.2 at 2013-10-07 02:30:51 +0000


Started GET "/assets/turbolinks.js?body=1" for 10.0.2.2 at 2013-10-07 02:30:51 +0000


Started GET "/assets/categories.js?body=1" for 10.0.2.2 at 2013-10-07 02:30:51 +0000


Started GET "/assets/posts.js?body=1" for 10.0.2.2 at 2013-10-07 02:30:51 +0000


Started GET "/assets/sessions.js?body=1" for 10.0.2.2 at 2013-10-07 02:30:51 +0000


Started GET "/assets/users.js?body=1" for 10.0.2.2 at 2013-10-07 02:30:51 +0000


Started GET "/assets/application.js?body=1" for 10.0.2.2 at 2013-10-07 02:30:51 +0000


Started GET "/posts" for 10.0.2.2 at 2013-10-07 02:30:53 +0000
Processing by PostsController#index as HTML
  [1m[36mPost Load (0.6ms)[0m  [1mSELECT "posts".* FROM "posts" LIMIT 30 OFFSET 0[0m
  [1m[35mCategory Load (0.6ms)[0m  SELECT "categories".* FROM "categories" WHERE "categories"."id" = ? ORDER BY "categories"."id" ASC LIMIT 1  [["id", 1]]
  [1m[36mCategory Load (0.7ms)[0m  [1mSELECT "categories".* FROM "categories" WHERE "categories"."id" = ? ORDER BY "categories"."id" ASC LIMIT 1[0m  [["id", 3]]
  Rendered posts/index.html.erb within layouts/application (5.2ms)
Completed 200 OK in 106ms (Views: 103.3ms | ActiveRecord: 1.9ms)


Started GET "/assets/application.css?body=1" for 10.0.2.2 at 2013-10-07 02:30:53 +0000


Started GET "/assets/categories.css?body=1" for 10.0.2.2 at 2013-10-07 02:30:53 +0000


Started GET "/assets/posts.css?body=1" for 10.0.2.2 at 2013-10-07 02:30:53 +0000


Started GET "/assets/sessions.css?body=1" for 10.0.2.2 at 2013-10-07 02:30:53 +0000


Started GET "/assets/users.css?body=1" for 10.0.2.2 at 2013-10-07 02:30:53 +0000


Started GET "/assets/scaffolds.css?body=1" for 10.0.2.2 at 2013-10-07 02:30:53 +0000


Started GET "/assets/jquery.js?body=1" for 10.0.2.2 at 2013-10-07 02:30:53 +0000


Started GET "/assets/jquery_ujs.js?body=1" for 10.0.2.2 at 2013-10-07 02:30:53 +0000


Started GET "/assets/turbolinks.js?body=1" for 10.0.2.2 at 2013-10-07 02:30:53 +0000


Started GET "/assets/categories.js?body=1" for 10.0.2.2 at 2013-10-07 02:30:53 +0000


Started GET "/assets/posts.js?body=1" for 10.0.2.2 at 2013-10-07 02:30:53 +0000


Started GET "/assets/sessions.js?body=1" for 10.0.2.2 at 2013-10-07 02:30:53 +0000


Started GET "/assets/users.js?body=1" for 10.0.2.2 at 2013-10-07 02:30:53 +0000


Started GET "/assets/application.js?body=1" for 10.0.2.2 at 2013-10-07 02:30:53 +0000


Started GET "/posts" for 10.0.2.2 at 2013-10-07 02:32:28 +0000
Processing by PostsController#index as HTML
  [1m[35mPost Load (0.7ms)[0m  SELECT "posts".* FROM "posts" LIMIT 1 OFFSET 0
  [1m[36m (1.3ms)[0m  [1mSELECT COUNT(*) FROM "posts"[0m
  [1m[35mCategory Load (0.9ms)[0m  SELECT "categories".* FROM "categories" WHERE "categories"."id" = ? ORDER BY "categories"."id" ASC LIMIT 1  [["id", 1]]
  Rendered posts/index.html.erb within layouts/application (65.7ms)
Completed 200 OK in 201ms (Views: 186.7ms | ActiveRecord: 5.4ms)


Started GET "/assets/application.css?body=1" for 10.0.2.2 at 2013-10-07 02:32:28 +0000


Started GET "/assets/sessions.css?body=1" for 10.0.2.2 at 2013-10-07 02:32:28 +0000


Started GET "/assets/scaffolds.css?body=1" for 10.0.2.2 at 2013-10-07 02:32:28 +0000


Started GET "/assets/categories.css?body=1" for 10.0.2.2 at 2013-10-07 02:32:28 +0000


Started GET "/assets/posts.css?body=1" for 10.0.2.2 at 2013-10-07 02:32:28 +0000


Started GET "/assets/users.css?body=1" for 10.0.2.2 at 2013-10-07 02:32:28 +0000


Started GET "/assets/jquery.js?body=1" for 10.0.2.2 at 2013-10-07 02:32:28 +0000


Started GET "/assets/jquery_ujs.js?body=1" for 10.0.2.2 at 2013-10-07 02:32:28 +0000


Started GET "/assets/turbolinks.js?body=1" for 10.0.2.2 at 2013-10-07 02:32:28 +0000


Started GET "/assets/categories.js?body=1" for 10.0.2.2 at 2013-10-07 02:32:28 +0000


Started GET "/assets/posts.js?body=1" for 10.0.2.2 at 2013-10-07 02:32:29 +0000


Started GET "/assets/sessions.js?body=1" for 10.0.2.2 at 2013-10-07 02:32:29 +0000


Started GET "/assets/users.js?body=1" for 10.0.2.2 at 2013-10-07 02:32:29 +0000


Started GET "/assets/application.js?body=1" for 10.0.2.2 at 2013-10-07 02:32:29 +0000


Started GET "/posts?page=2" for 10.0.2.2 at 2013-10-07 02:32:31 +0000
Processing by PostsController#index as HTML
  Parameters: {"page"=>"2"}
  [1m[36mPost Load (0.7ms)[0m  [1mSELECT "posts".* FROM "posts" LIMIT 1 OFFSET 1[0m
  [1m[35m (0.7ms)[0m  SELECT COUNT(*) FROM "posts"
  [1m[36mCategory Load (0.7ms)[0m  [1mSELECT "categories".* FROM "categories" WHERE "categories"."id" = ? ORDER BY "categories"."id" ASC LIMIT 1[0m  [["id", 3]]
  Rendered posts/index.html.erb within layouts/application (6.4ms)
Completed 200 OK in 110ms (Views: 107.3ms | ActiveRecord: 2.1ms)


Started GET "/posts?page=1" for 10.0.2.2 at 2013-10-07 02:32:32 +0000
Processing by PostsController#index as HTML
  Parameters: {"page"=>"1"}
  [1m[35mPost Load (0.7ms)[0m  SELECT "posts".* FROM "posts" LIMIT 1 OFFSET 0
  [1m[36m (0.6ms)[0m  [1mSELECT COUNT(*) FROM "posts"[0m
  [1m[35mCategory Load (0.6ms)[0m  SELECT "categories".* FROM "categories" WHERE "categories"."id" = ? ORDER BY "categories"."id" ASC LIMIT 1  [["id", 1]]
  Rendered posts/index.html.erb within layouts/application (5.8ms)
Completed 200 OK in 128ms (Views: 126.0ms | ActiveRecord: 1.9ms)
